{"C:\\Users\\brand\\CS4530\\HuskSheets\\server\\src\\data-source.ts": {"path":"C:\\Users\\brand\\CS4530\\HuskSheets\\server\\src\\data-source.ts","statementMap":{"0":{"start":{"line":4,"column":0},"end":{"line":4,"column":25}},"1":{"start":{"line":5,"column":0},"end":{"line":5,"column":36}},"2":{"start":{"line":6,"column":0},"end":{"line":6,"column":46}},"3":{"start":{"line":7,"column":0},"end":{"line":7,"column":37}},"4":{"start":{"line":8,"column":0},"end":{"line":8,"column":51}},"5":{"start":{"line":9,"column":0},"end":{"line":9,"column":41}},"6":{"start":{"line":10,"column":0},"end":{"line":10,"column":37}},"7":{"start":{"line":12,"column":13},"end":{"line":24,"column":null}}},"fnMap":{},"branchMap":{},"s":{"0":4,"1":4,"2":4,"3":4,"4":4,"5":4,"6":4,"7":4},"f":{},"b":{}}
,"C:\\Users\\brand\\CS4530\\HuskSheets\\server\\src\\controllers\\authController.ts": {"path":"C:\\Users\\brand\\CS4530\\HuskSheets\\server\\src\\controllers\\authController.ts","statementMap":{"0":{"start":{"line":2,"column":0},"end":{"line":2,"column":133}},"1":{"start":{"line":5,"column":33},"end":{"line":14,"column":2}},"2":{"start":{"line":5,"column":67},"end":{"line":14,"column":2}},"3":{"start":{"line":6,"column":8},"end":{"line":6,"column":34}},"4":{"start":{"line":8,"column":18},"end":{"line":8,"column":null}},"5":{"start":{"line":8,"column":6},"end":{"line":8,"column":null}},"6":{"start":{"line":9,"column":6},"end":{"line":9,"column":7}},"7":{"start":{"line":10,"column":16},"end":{"line":10,"column":59}},"8":{"start":{"line":10,"column":4},"end":{"line":10,"column":59}},"9":{"start":{"line":13,"column":2},"end":{"line":13,"column":73}},"10":{"start":{"line":5,"column":13},"end":{"line":5,"column":33}},"11":{"start":{"line":17,"column":32},"end":{"line":26,"column":2}},"12":{"start":{"line":17,"column":66},"end":{"line":26,"column":2}},"13":{"start":{"line":18,"column":21},"end":{"line":18,"column":null}},"14":{"start":{"line":18,"column":8},"end":{"line":18,"column":null}},"15":{"start":{"line":19,"column":8},"end":{"line":24,"column":6}},"16":{"start":{"line":19,"column":47},"end":{"line":24,"column":5}},"17":{"start":{"line":25,"column":2},"end":{"line":25,"column":72}},"18":{"start":{"line":17,"column":13},"end":{"line":17,"column":32}}},"fnMap":{"0":{"name":"(anonymous_13)","decl":{"start":{"line":5,"column":33},"end":{"line":5,"column":40}},"loc":{"start":{"line":5,"column":67},"end":{"line":14,"column":2}}},"1":{"name":"(anonymous_14)","decl":{"start":{"line":5,"column":67},"end":{"line":5,"column":null}},"loc":{"start":{"line":5,"column":67},"end":{"line":14,"column":2}}},"2":{"name":"(anonymous_16)","decl":{"start":{"line":17,"column":32},"end":{"line":17,"column":39}},"loc":{"start":{"line":17,"column":66},"end":{"line":26,"column":2}}},"3":{"name":"(anonymous_17)","decl":{"start":{"line":17,"column":66},"end":{"line":17,"column":null}},"loc":{"start":{"line":17,"column":66},"end":{"line":26,"column":2}}},"4":{"name":"(anonymous_19)","decl":{"start":{"line":19,"column":32},"end":{"line":19,"column":33}},"loc":{"start":{"line":19,"column":42},"end":{"line":19,"column":48}}}},"branchMap":{"0":{"loc":{"start":{"line":9,"column":6},"end":{"line":9,"column":7}},"type":"if","locations":[{"start":{"line":9,"column":6},"end":{"line":9,"column":7}}]},"1":{"loc":{"start":{"line":18,"column":21},"end":{"line":18,"column":null}},"type":"switch","locations":[{"start":{"line":18,"column":21},"end":{"line":18,"column":null}}]}},"s":{"0":1,"1":1,"2":1,"3":1,"4":1,"5":1,"6":1,"7":1,"8":1,"9":1,"10":1,"11":1,"12":1,"13":1,"14":1,"15":1,"16":2,"17":1,"18":1},"f":{"0":1,"1":1,"2":1,"3":1,"4":2},"b":{"0":[0],"1":[1]}}
,"C:\\Users\\brand\\CS4530\\HuskSheets\\server\\src\\controllers\\publisherController.ts": {"path":"C:\\Users\\brand\\CS4530\\HuskSheets\\server\\src\\controllers\\publisherController.ts","statementMap":{"0":{"start":{"line":2,"column":0},"end":{"line":2,"column":65}},"1":{"start":{"line":4,"column":29},"end":{"line":11,"column":2}},"2":{"start":{"line":4,"column":83},"end":{"line":11,"column":2}},"3":{"start":{"line":6,"column":19},"end":{"line":6,"column":null}},"4":{"start":{"line":6,"column":10},"end":{"line":6,"column":null}},"5":{"start":{"line":7,"column":4},"end":{"line":7,"column":74}},"6":{"start":{"line":9,"column":4},"end":{"line":9,"column":16}},"7":{"start":{"line":4,"column":13},"end":{"line":4,"column":29}}},"fnMap":{"0":{"name":"(anonymous_19)","decl":{"start":{"line":4,"column":29},"end":{"line":4,"column":36}},"loc":{"start":{"line":4,"column":83},"end":{"line":11,"column":2}}},"1":{"name":"(anonymous_20)","decl":{"start":{"line":4,"column":83},"end":{"line":4,"column":null}},"loc":{"start":{"line":4,"column":83},"end":{"line":11,"column":2}}}},"branchMap":{},"s":{"0":1,"1":1,"2":2,"3":2,"4":2,"5":1,"6":1,"7":1},"f":{"0":2,"1":2},"b":{}}
,"C:\\Users\\brand\\CS4530\\HuskSheets\\server\\src\\controllers\\sheetController.ts": {"path":"C:\\Users\\brand\\CS4530\\HuskSheets\\server\\src\\controllers\\sheetController.ts","statementMap":{"0":{"start":{"line":2,"column":0},"end":{"line":2,"column":57}},"1":{"start":{"line":6,"column":30},"end":{"line":26,"column":2}},"2":{"start":{"line":6,"column":84},"end":{"line":26,"column":2}},"3":{"start":{"line":7,"column":10},"end":{"line":7,"column":24}},"4":{"start":{"line":8,"column":8},"end":{"line":8,"column":31}},"5":{"start":{"line":9,"column":2},"end":{"line":15,"column":null}},"6":{"start":{"line":10,"column":4},"end":{"line":14,"column":7}},"7":{"start":{"line":17,"column":17},"end":{"line":17,"column":null}},"8":{"start":{"line":17,"column":10},"end":{"line":17,"column":null}},"9":{"start":{"line":18,"column":4},"end":{"line":20,"column":null}},"10":{"start":{"line":19,"column":6},"end":{"line":19,"column":97}},"11":{"start":{"line":21,"column":4},"end":{"line":21,"column":48}},"12":{"start":{"line":22,"column":4},"end":{"line":22,"column":70}},"13":{"start":{"line":24,"column":4},"end":{"line":24,"column":16}},"14":{"start":{"line":6,"column":13},"end":{"line":6,"column":30}},"15":{"start":{"line":29,"column":25},"end":{"line":41,"column":2}},"16":{"start":{"line":29,"column":79},"end":{"line":41,"column":2}},"17":{"start":{"line":30,"column":10},"end":{"line":30,"column":24}},"18":{"start":{"line":32,"column":17},"end":{"line":32,"column":null}},"19":{"start":{"line":32,"column":10},"end":{"line":32,"column":null}},"20":{"start":{"line":33,"column":4},"end":{"line":35,"column":null}},"21":{"start":{"line":34,"column":6},"end":{"line":34,"column":97}},"22":{"start":{"line":36,"column":19},"end":{"line":36,"column":null}},"23":{"start":{"line":36,"column":10},"end":{"line":36,"column":null}},"24":{"start":{"line":37,"column":4},"end":{"line":37,"column":74}},"25":{"start":{"line":39,"column":4},"end":{"line":39,"column":16}},"26":{"start":{"line":29,"column":13},"end":{"line":29,"column":25}},"27":{"start":{"line":44,"column":27},"end":{"line":64,"column":2}},"28":{"start":{"line":44,"column":81},"end":{"line":64,"column":2}},"29":{"start":{"line":45,"column":8},"end":{"line":45,"column":31}},"30":{"start":{"line":47,"column":17},"end":{"line":47,"column":null}},"31":{"start":{"line":47,"column":10},"end":{"line":47,"column":null}},"32":{"start":{"line":48,"column":4},"end":{"line":50,"column":null}},"33":{"start":{"line":49,"column":6},"end":{"line":49,"column":97}},"34":{"start":{"line":51,"column":24},"end":{"line":51,"column":null}},"35":{"start":{"line":51,"column":10},"end":{"line":51,"column":null}},"36":{"start":{"line":52,"column":4},"end":{"line":54,"column":null}},"37":{"start":{"line":53,"column":6},"end":{"line":53,"column":93}},"38":{"start":{"line":55,"column":20},"end":{"line":55,"column":null}},"39":{"start":{"line":55,"column":10},"end":{"line":55,"column":null}},"40":{"start":{"line":56,"column":4},"end":{"line":60,"column":null}},"41":{"start":{"line":57,"column":6},"end":{"line":57,"column":72}},"42":{"start":{"line":59,"column":6},"end":{"line":59,"column":99}},"43":{"start":{"line":62,"column":4},"end":{"line":62,"column":16}},"44":{"start":{"line":44,"column":13},"end":{"line":44,"column":27}}},"fnMap":{"0":{"name":"(anonymous_19)","decl":{"start":{"line":6,"column":30},"end":{"line":6,"column":37}},"loc":{"start":{"line":6,"column":84},"end":{"line":26,"column":2}}},"1":{"name":"(anonymous_20)","decl":{"start":{"line":6,"column":84},"end":{"line":6,"column":null}},"loc":{"start":{"line":6,"column":84},"end":{"line":26,"column":2}}},"2":{"name":"(anonymous_22)","decl":{"start":{"line":29,"column":25},"end":{"line":29,"column":32}},"loc":{"start":{"line":29,"column":79},"end":{"line":41,"column":2}}},"3":{"name":"(anonymous_23)","decl":{"start":{"line":29,"column":79},"end":{"line":29,"column":null}},"loc":{"start":{"line":29,"column":79},"end":{"line":41,"column":2}}},"4":{"name":"(anonymous_25)","decl":{"start":{"line":44,"column":27},"end":{"line":44,"column":34}},"loc":{"start":{"line":44,"column":81},"end":{"line":64,"column":2}}},"5":{"name":"(anonymous_26)","decl":{"start":{"line":44,"column":81},"end":{"line":44,"column":null}},"loc":{"start":{"line":44,"column":81},"end":{"line":64,"column":2}}}},"branchMap":{"0":{"loc":{"start":{"line":9,"column":2},"end":{"line":15,"column":null}},"type":"if","locations":[{"start":{"line":9,"column":2},"end":{"line":15,"column":null}}]},"1":{"loc":{"start":{"line":18,"column":4},"end":{"line":20,"column":null}},"type":"if","locations":[{"start":{"line":18,"column":4},"end":{"line":20,"column":null}}]},"2":{"loc":{"start":{"line":33,"column":4},"end":{"line":35,"column":null}},"type":"if","locations":[{"start":{"line":33,"column":4},"end":{"line":35,"column":null}}]},"3":{"loc":{"start":{"line":48,"column":4},"end":{"line":50,"column":null}},"type":"if","locations":[{"start":{"line":48,"column":4},"end":{"line":50,"column":null}}]},"4":{"loc":{"start":{"line":52,"column":4},"end":{"line":54,"column":null}},"type":"if","locations":[{"start":{"line":52,"column":4},"end":{"line":54,"column":null}}]},"5":{"loc":{"start":{"line":56,"column":4},"end":{"line":60,"column":null}},"type":"if","locations":[{"start":{"line":56,"column":4},"end":{"line":60,"column":null}},{"start":{"line":58,"column":11},"end":{"line":60,"column":null}}]}},"s":{"0":1,"1":1,"2":4,"3":4,"4":4,"5":4,"6":1,"7":3,"8":3,"9":2,"10":1,"11":2,"12":1,"13":1,"14":1,"15":1,"16":3,"17":3,"18":3,"19":3,"20":2,"21":1,"22":1,"23":1,"24":1,"25":1,"26":1,"27":1,"28":4,"29":4,"30":4,"31":4,"32":4,"33":1,"34":3,"35":3,"36":3,"37":1,"38":2,"39":2,"40":2,"41":1,"42":1,"43":0,"44":1},"f":{"0":4,"1":4,"2":3,"3":3,"4":4,"5":4},"b":{"0":[1],"1":[1],"2":[1],"3":[1],"4":[1],"5":[1,1]}}
,"C:\\Users\\brand\\CS4530\\HuskSheets\\server\\src\\controllers\\updateController.ts": {"path":"C:\\Users\\brand\\CS4530\\HuskSheets\\server\\src\\controllers\\updateController.ts","statementMap":{"0":{"start":{"line":2,"column":0},"end":{"line":2,"column":59}},"1":{"start":{"line":4,"column":41},"end":{"line":12,"column":2}},"2":{"start":{"line":4,"column":95},"end":{"line":12,"column":2}},"3":{"start":{"line":5,"column":8},"end":{"line":5,"column":35}},"4":{"start":{"line":7,"column":19},"end":{"line":7,"column":null}},"5":{"start":{"line":7,"column":10},"end":{"line":7,"column":null}},"6":{"start":{"line":8,"column":4},"end":{"line":8,"column":74}},"7":{"start":{"line":10,"column":4},"end":{"line":10,"column":16}},"8":{"start":{"line":4,"column":13},"end":{"line":4,"column":41}},"9":{"start":{"line":14,"column":38},"end":{"line":30,"column":2}},"10":{"start":{"line":14,"column":92},"end":{"line":30,"column":2}},"11":{"start":{"line":15,"column":10},"end":{"line":15,"column":24}},"12":{"start":{"line":16,"column":8},"end":{"line":16,"column":35}},"13":{"start":{"line":17,"column":2},"end":{"line":23,"column":null}},"14":{"start":{"line":18,"column":4},"end":{"line":22,"column":7}},"15":{"start":{"line":25,"column":19},"end":{"line":25,"column":null}},"16":{"start":{"line":25,"column":10},"end":{"line":25,"column":null}},"17":{"start":{"line":26,"column":4},"end":{"line":26,"column":74}},"18":{"start":{"line":28,"column":4},"end":{"line":28,"column":16}},"19":{"start":{"line":14,"column":13},"end":{"line":14,"column":38}},"20":{"start":{"line":32,"column":31},"end":{"line":48,"column":2}},"21":{"start":{"line":32,"column":85},"end":{"line":48,"column":2}},"22":{"start":{"line":33,"column":10},"end":{"line":33,"column":24}},"23":{"start":{"line":34,"column":8},"end":{"line":34,"column":40}},"24":{"start":{"line":35,"column":2},"end":{"line":41,"column":null}},"25":{"start":{"line":36,"column":4},"end":{"line":40,"column":7}},"26":{"start":{"line":43,"column":4},"end":{"line":43,"column":67}},"27":{"start":{"line":44,"column":4},"end":{"line":44,"column":70}},"28":{"start":{"line":46,"column":4},"end":{"line":46,"column":16}},"29":{"start":{"line":32,"column":13},"end":{"line":32,"column":31}},"30":{"start":{"line":50,"column":34},"end":{"line":58,"column":2}},"31":{"start":{"line":50,"column":88},"end":{"line":58,"column":2}},"32":{"start":{"line":51,"column":8},"end":{"line":51,"column":40}},"33":{"start":{"line":53,"column":4},"end":{"line":53,"column":70}},"34":{"start":{"line":54,"column":4},"end":{"line":54,"column":70}},"35":{"start":{"line":56,"column":4},"end":{"line":56,"column":16}},"36":{"start":{"line":50,"column":13},"end":{"line":50,"column":34}}},"fnMap":{"0":{"name":"(anonymous_19)","decl":{"start":{"line":4,"column":41},"end":{"line":4,"column":48}},"loc":{"start":{"line":4,"column":95},"end":{"line":12,"column":2}}},"1":{"name":"(anonymous_20)","decl":{"start":{"line":4,"column":95},"end":{"line":4,"column":null}},"loc":{"start":{"line":4,"column":95},"end":{"line":12,"column":2}}},"2":{"name":"(anonymous_22)","decl":{"start":{"line":14,"column":38},"end":{"line":14,"column":45}},"loc":{"start":{"line":14,"column":92},"end":{"line":30,"column":2}}},"3":{"name":"(anonymous_23)","decl":{"start":{"line":14,"column":92},"end":{"line":14,"column":null}},"loc":{"start":{"line":14,"column":92},"end":{"line":30,"column":2}}},"4":{"name":"(anonymous_25)","decl":{"start":{"line":32,"column":31},"end":{"line":32,"column":38}},"loc":{"start":{"line":32,"column":85},"end":{"line":48,"column":2}}},"5":{"name":"(anonymous_26)","decl":{"start":{"line":32,"column":85},"end":{"line":32,"column":null}},"loc":{"start":{"line":32,"column":85},"end":{"line":48,"column":2}}},"6":{"name":"(anonymous_28)","decl":{"start":{"line":50,"column":34},"end":{"line":50,"column":41}},"loc":{"start":{"line":50,"column":88},"end":{"line":58,"column":2}}},"7":{"name":"(anonymous_29)","decl":{"start":{"line":50,"column":88},"end":{"line":50,"column":null}},"loc":{"start":{"line":50,"column":88},"end":{"line":58,"column":2}}}},"branchMap":{"0":{"loc":{"start":{"line":17,"column":2},"end":{"line":23,"column":null}},"type":"if","locations":[{"start":{"line":17,"column":2},"end":{"line":23,"column":null}}]},"1":{"loc":{"start":{"line":35,"column":2},"end":{"line":41,"column":null}},"type":"if","locations":[{"start":{"line":35,"column":2},"end":{"line":41,"column":null}}]}},"s":{"0":1,"1":1,"2":2,"3":2,"4":2,"5":2,"6":1,"7":1,"8":1,"9":1,"10":3,"11":3,"12":3,"13":3,"14":1,"15":2,"16":2,"17":1,"18":1,"19":1,"20":1,"21":3,"22":3,"23":3,"24":3,"25":1,"26":4,"27":1,"28":1,"29":1,"30":1,"31":2,"32":2,"33":4,"34":1,"35":1,"36":1},"f":{"0":2,"1":2,"2":3,"3":3,"4":3,"5":3,"6":2,"7":2},"b":{"0":[1],"1":[1]}}
,"C:\\Users\\brand\\CS4530\\HuskSheets\\server\\src\\entity\\Cell.ts": {"path":"C:\\Users\\brand\\CS4530\\HuskSheets\\server\\src\\entity\\Cell.ts","statementMap":{"0":{"start":{"line":1,"column":0},"end":{"line":1,"column":76}},"1":{"start":{"line":2,"column":0},"end":{"line":2,"column":44}},"2":{"start":{"line":5,"column":0},"end":{"line":5,"column":13}},"3":{"start":{"line":7,"column":4},"end":{"line":7,"column":null}},"4":{"start":{"line":10,"column":4},"end":{"line":10,"column":null}},"5":{"start":{"line":9,"column":21},"end":{"line":9,"column":34}},"6":{"start":{"line":9,"column":49},"end":{"line":9,"column":67}},"7":{"start":{"line":13,"column":4},"end":{"line":13,"column":null}},"8":{"start":{"line":16,"column":4},"end":{"line":16,"column":null}},"9":{"start":{"line":19,"column":4},"end":{"line":19,"column":null}},"10":{"start":{"line":5,"column":13},"end":{"line":20,"column":null}},"11":{"start":{"line":20,"column":0},"end":{"line":20,"column":null}},"12":{"start":{"line":5,"column":13},"end":{"line":5,"column":17}}},"fnMap":{"0":{"name":"(anonymous_2)","decl":{"start":{"line":5,"column":0},"end":{"line":5,"column":13}},"loc":{"start":{"line":5,"column":0},"end":{"line":5,"column":13}}},"1":{"name":"(anonymous_4)","decl":{"start":{"line":9,"column":15},"end":{"line":9,"column":21}},"loc":{"start":{"line":9,"column":15},"end":{"line":9,"column":32}}},"2":{"name":"(anonymous_5)","decl":{"start":{"line":9,"column":34},"end":{"line":9,"column":45}},"loc":{"start":{"line":9,"column":45},"end":{"line":9,"column":60}}}},"branchMap":{},"s":{"0":6,"1":6,"2":6,"3":6,"4":6,"5":0,"6":0,"7":6,"8":6,"9":6,"10":6,"11":6,"12":6},"f":{"0":6,"1":0,"2":0},"b":{}}
,"C:\\Users\\brand\\CS4530\\HuskSheets\\server\\src\\entity\\Publisher.ts": {"path":"C:\\Users\\brand\\CS4530\\HuskSheets\\server\\src\\entity\\Publisher.ts","statementMap":{"0":{"start":{"line":1,"column":0},"end":{"line":1,"column":76}},"1":{"start":{"line":2,"column":0},"end":{"line":2,"column":44}},"2":{"start":{"line":5,"column":0},"end":{"line":5,"column":13}},"3":{"start":{"line":7,"column":4},"end":{"line":7,"column":null}},"4":{"start":{"line":10,"column":4},"end":{"line":10,"column":null}},"5":{"start":{"line":13,"column":4},"end":{"line":13,"column":null}},"6":{"start":{"line":16,"column":4},"end":{"line":16,"column":null}},"7":{"start":{"line":15,"column":21},"end":{"line":15,"column":34}},"8":{"start":{"line":15,"column":49},"end":{"line":15,"column":71}},"9":{"start":{"line":5,"column":13},"end":{"line":17,"column":null}},"10":{"start":{"line":17,"column":0},"end":{"line":17,"column":null}},"11":{"start":{"line":5,"column":13},"end":{"line":5,"column":22}}},"fnMap":{"0":{"name":"(anonymous_2)","decl":{"start":{"line":5,"column":0},"end":{"line":5,"column":13}},"loc":{"start":{"line":5,"column":0},"end":{"line":5,"column":13}}},"1":{"name":"(anonymous_4)","decl":{"start":{"line":15,"column":15},"end":{"line":15,"column":21}},"loc":{"start":{"line":15,"column":15},"end":{"line":15,"column":32}}},"2":{"name":"(anonymous_5)","decl":{"start":{"line":15,"column":34},"end":{"line":15,"column":45}},"loc":{"start":{"line":15,"column":45},"end":{"line":15,"column":60}}}},"branchMap":{},"s":{"0":6,"1":6,"2":6,"3":6,"4":6,"5":6,"6":6,"7":0,"8":0,"9":6,"10":6,"11":6},"f":{"0":7,"1":0,"2":0},"b":{}}
,"C:\\Users\\brand\\CS4530\\HuskSheets\\server\\src\\entity\\Spreadsheet.ts": {"path":"C:\\Users\\brand\\CS4530\\HuskSheets\\server\\src\\entity\\Spreadsheet.ts","statementMap":{"0":{"start":{"line":1,"column":0},"end":{"line":1,"column":110}},"1":{"start":{"line":2,"column":0},"end":{"line":2,"column":40}},"2":{"start":{"line":3,"column":0},"end":{"line":3,"column":30}},"3":{"start":{"line":4,"column":0},"end":{"line":4,"column":34}},"4":{"start":{"line":7,"column":0},"end":{"line":7,"column":13}},"5":{"start":{"line":9,"column":4},"end":{"line":9,"column":null}},"6":{"start":{"line":12,"column":4},"end":{"line":12,"column":null}},"7":{"start":{"line":15,"column":4},"end":{"line":15,"column":null}},"8":{"start":{"line":14,"column":21},"end":{"line":14,"column":32}},"9":{"start":{"line":14,"column":45},"end":{"line":14,"column":68}},"10":{"start":{"line":19,"column":4},"end":{"line":19,"column":null}},"11":{"start":{"line":17,"column":22},"end":{"line":17,"column":32}},"12":{"start":{"line":22,"column":4},"end":{"line":22,"column":null}},"13":{"start":{"line":21,"column":21},"end":{"line":21,"column":27}},"14":{"start":{"line":21,"column":35},"end":{"line":21,"column":53}},"15":{"start":{"line":25,"column":4},"end":{"line":25,"column":null}},"16":{"start":{"line":24,"column":21},"end":{"line":24,"column":29}},"17":{"start":{"line":24,"column":39},"end":{"line":24,"column":59}},"18":{"start":{"line":7,"column":13},"end":{"line":26,"column":null}},"19":{"start":{"line":26,"column":0},"end":{"line":26,"column":null}},"20":{"start":{"line":7,"column":13},"end":{"line":7,"column":24}}},"fnMap":{"0":{"name":"(anonymous_2)","decl":{"start":{"line":7,"column":0},"end":{"line":7,"column":13}},"loc":{"start":{"line":7,"column":0},"end":{"line":7,"column":13}}},"1":{"name":"(anonymous_4)","decl":{"start":{"line":14,"column":15},"end":{"line":14,"column":21}},"loc":{"start":{"line":14,"column":15},"end":{"line":14,"column":30}}},"2":{"name":"(anonymous_5)","decl":{"start":{"line":14,"column":32},"end":{"line":14,"column":41}},"loc":{"start":{"line":14,"column":41},"end":{"line":14,"column":54}}},"3":{"name":"(anonymous_6)","decl":{"start":{"line":17,"column":16},"end":{"line":17,"column":22}},"loc":{"start":{"line":17,"column":16},"end":{"line":17,"column":31}}},"4":{"name":"(anonymous_7)","decl":{"start":{"line":21,"column":15},"end":{"line":21,"column":21}},"loc":{"start":{"line":21,"column":15},"end":{"line":21,"column":25}}},"5":{"name":"(anonymous_8)","decl":{"start":{"line":21,"column":27},"end":{"line":21,"column":31}},"loc":{"start":{"line":21,"column":31},"end":{"line":21,"column":39}}},"6":{"name":"(anonymous_9)","decl":{"start":{"line":24,"column":15},"end":{"line":24,"column":21}},"loc":{"start":{"line":24,"column":15},"end":{"line":24,"column":27}}},"7":{"name":"(anonymous_10)","decl":{"start":{"line":24,"column":29},"end":{"line":24,"column":35}},"loc":{"start":{"line":24,"column":35},"end":{"line":24,"column":45}}}},"branchMap":{},"s":{"0":6,"1":6,"2":6,"3":6,"4":6,"5":6,"6":6,"7":6,"8":0,"9":0,"10":6,"11":0,"12":6,"13":0,"14":0,"15":6,"16":0,"17":0,"18":6,"19":6,"20":6},"f":{"0":7,"1":0,"2":0,"3":0,"4":0,"5":0,"6":0,"7":0},"b":{}}
,"C:\\Users\\brand\\CS4530\\HuskSheets\\server\\src\\entity\\Update.ts": {"path":"C:\\Users\\brand\\CS4530\\HuskSheets\\server\\src\\entity\\Update.ts","statementMap":{"0":{"start":{"line":1,"column":0},"end":{"line":1,"column":76}},"1":{"start":{"line":2,"column":0},"end":{"line":2,"column":44}},"2":{"start":{"line":5,"column":0},"end":{"line":5,"column":13}},"3":{"start":{"line":7,"column":4},"end":{"line":7,"column":null}},"4":{"start":{"line":10,"column":4},"end":{"line":10,"column":null}},"5":{"start":{"line":9,"column":21},"end":{"line":9,"column":34}},"6":{"start":{"line":9,"column":49},"end":{"line":9,"column":69}},"7":{"start":{"line":13,"column":4},"end":{"line":13,"column":null}},"8":{"start":{"line":5,"column":13},"end":{"line":14,"column":null}},"9":{"start":{"line":14,"column":0},"end":{"line":14,"column":null}},"10":{"start":{"line":5,"column":13},"end":{"line":5,"column":19}}},"fnMap":{"0":{"name":"(anonymous_2)","decl":{"start":{"line":5,"column":0},"end":{"line":5,"column":13}},"loc":{"start":{"line":5,"column":0},"end":{"line":5,"column":13}}},"1":{"name":"(anonymous_4)","decl":{"start":{"line":9,"column":15},"end":{"line":9,"column":21}},"loc":{"start":{"line":9,"column":15},"end":{"line":9,"column":32}}},"2":{"name":"(anonymous_5)","decl":{"start":{"line":9,"column":34},"end":{"line":9,"column":45}},"loc":{"start":{"line":9,"column":45},"end":{"line":9,"column":60}}}},"branchMap":{},"s":{"0":6,"1":6,"2":6,"3":6,"4":6,"5":0,"6":0,"7":6,"8":6,"9":6,"10":6},"f":{"0":6,"1":0,"2":0},"b":{}}
,"C:\\Users\\brand\\CS4530\\HuskSheets\\server\\src\\entity\\User.ts": {"path":"C:\\Users\\brand\\CS4530\\HuskSheets\\server\\src\\entity\\User.ts","statementMap":{"0":{"start":{"line":1,"column":0},"end":{"line":1,"column":65}},"1":{"start":{"line":6,"column":0},"end":{"line":6,"column":13}},"2":{"start":{"line":8,"column":2},"end":{"line":8,"column":null}},"3":{"start":{"line":11,"column":2},"end":{"line":11,"column":null}},"4":{"start":{"line":14,"column":2},"end":{"line":14,"column":null}},"5":{"start":{"line":6,"column":13},"end":{"line":15,"column":null}},"6":{"start":{"line":15,"column":0},"end":{"line":15,"column":null}},"7":{"start":{"line":6,"column":13},"end":{"line":6,"column":17}}},"fnMap":{"0":{"name":"(anonymous_2)","decl":{"start":{"line":6,"column":0},"end":{"line":6,"column":13}},"loc":{"start":{"line":6,"column":0},"end":{"line":6,"column":13}}}},"branchMap":{},"s":{"0":5,"1":5,"2":5,"3":5,"4":5,"5":5,"6":5,"7":5},"f":{"0":5},"b":{}}
,"C:\\Users\\brand\\CS4530\\HuskSheets\\server\\src\\middleware\\auth.ts": {"path":"C:\\Users\\brand\\CS4530\\HuskSheets\\server\\src\\middleware\\auth.ts","statementMap":{"0":{"start":{"line":3,"column":0},"end":{"line":3,"column":38}},"1":{"start":{"line":4,"column":0},"end":{"line":4,"column":47}},"2":{"start":{"line":5,"column":0},"end":{"line":5,"column":32}},"3":{"start":{"line":22,"column":15},"end":{"line":46,"column":4}},"4":{"start":{"line":22,"column":69},"end":{"line":46,"column":4}},"5":{"start":{"line":23,"column":10},"end":{"line":23,"column":49}},"6":{"start":{"line":25,"column":4},"end":{"line":27,"column":null}},"7":{"start":{"line":26,"column":6},"end":{"line":26,"column":90}},"8":{"start":{"line":29,"column":10},"end":{"line":29,"column":55}},"9":{"start":{"line":30,"column":10},"end":{"line":30,"column":83}},"10":{"start":{"line":31,"column":10},"end":{"line":31,"column":34}},"11":{"start":{"line":33,"column":17},"end":{"line":33,"column":null}},"12":{"start":{"line":33,"column":10},"end":{"line":33,"column":null}},"13":{"start":{"line":35,"column":4},"end":{"line":37,"column":null}},"14":{"start":{"line":36,"column":6},"end":{"line":36,"column":90}},"15":{"start":{"line":39,"column":10},"end":{"line":39,"column":69}},"16":{"start":{"line":40,"column":4},"end":{"line":42,"column":null}},"17":{"start":{"line":41,"column":6},"end":{"line":41,"column":90}},"18":{"start":{"line":44,"column":4},"end":{"line":44,"column":39}},"19":{"start":{"line":45,"column":4},"end":{"line":45,"column":11}},"20":{"start":{"line":48,"column":2},"end":{"line":48,"column":22}}},"fnMap":{"0":{"name":"(anonymous_13)","decl":{"start":{"line":22,"column":15},"end":{"line":22,"column":22}},"loc":{"start":{"line":22,"column":69},"end":{"line":46,"column":4}}},"1":{"name":"(anonymous_14)","decl":{"start":{"line":22,"column":69},"end":{"line":22,"column":null}},"loc":{"start":{"line":22,"column":69},"end":{"line":46,"column":4}}}},"branchMap":{"0":{"loc":{"start":{"line":25,"column":4},"end":{"line":27,"column":null}},"type":"if","locations":[{"start":{"line":25,"column":4},"end":{"line":27,"column":null}}]},"1":{"loc":{"start":{"line":25,"column":8},"end":{"line":25,"column":55}},"type":"binary-expr","locations":[{"start":{"line":25,"column":8},"end":{"line":25,"column":19}},{"start":{"line":25,"column":23},"end":{"line":25,"column":55}}]},"2":{"loc":{"start":{"line":35,"column":4},"end":{"line":37,"column":null}},"type":"if","locations":[{"start":{"line":35,"column":4},"end":{"line":37,"column":null}}]},"3":{"loc":{"start":{"line":40,"column":4},"end":{"line":42,"column":null}},"type":"if","locations":[{"start":{"line":40,"column":4},"end":{"line":42,"column":null}}]}},"s":{"0":1,"1":1,"2":1,"3":1,"4":5,"5":5,"6":5,"7":2,"8":3,"9":3,"10":3,"11":3,"12":3,"13":3,"14":1,"15":2,"16":2,"17":1,"18":1,"19":1,"20":1},"f":{"0":5,"1":5},"b":{"0":[2],"1":[5,4],"2":[1],"3":[1]}}
,"C:\\Users\\brand\\CS4530\\HuskSheets\\server\\src\\services\\publisherService.ts": {"path":"C:\\Users\\brand\\CS4530\\HuskSheets\\server\\src\\services\\publisherService.ts","statementMap":{"0":{"start":{"line":1,"column":0},"end":{"line":1,"column":47}},"1":{"start":{"line":2,"column":0},"end":{"line":2,"column":48}},"2":{"start":{"line":4,"column":39},"end":{"line":6,"column":2}},"3":{"start":{"line":4,"column":62},"end":{"line":6,"column":2}},"4":{"start":{"line":5,"column":9},"end":{"line":5,"column":72}},"5":{"start":{"line":5,"column":2},"end":{"line":5,"column":72}},"6":{"start":{"line":4,"column":13},"end":{"line":4,"column":39}},"7":{"start":{"line":8,"column":31},"end":{"line":14,"column":2}},"8":{"start":{"line":8,"column":72},"end":{"line":14,"column":2}},"9":{"start":{"line":9,"column":8},"end":{"line":9,"column":36}},"10":{"start":{"line":10,"column":2},"end":{"line":10,"column":32}},"11":{"start":{"line":11,"column":2},"end":{"line":11,"column":32}},"12":{"start":{"line":12,"column":2},"end":{"line":12,"column":46}},"13":{"start":{"line":13,"column":2},"end":{"line":13,"column":19}},"14":{"start":{"line":8,"column":13},"end":{"line":8,"column":31}},"15":{"start":{"line":16,"column":32},"end":{"line":18,"column":2}},"16":{"start":{"line":17,"column":9},"end":{"line":17,"column":53}},"17":{"start":{"line":17,"column":2},"end":{"line":17,"column":53}},"18":{"start":{"line":16,"column":13},"end":{"line":16,"column":32}}},"fnMap":{"0":{"name":"(anonymous_13)","decl":{"start":{"line":4,"column":39},"end":{"line":4,"column":46}},"loc":{"start":{"line":4,"column":62},"end":{"line":6,"column":2}}},"1":{"name":"(anonymous_14)","decl":{"start":{"line":4,"column":62},"end":{"line":4,"column":null}},"loc":{"start":{"line":4,"column":62},"end":{"line":6,"column":2}}},"2":{"name":"(anonymous_16)","decl":{"start":{"line":8,"column":31},"end":{"line":8,"column":38}},"loc":{"start":{"line":8,"column":72},"end":{"line":14,"column":2}}},"3":{"name":"(anonymous_17)","decl":{"start":{"line":8,"column":72},"end":{"line":8,"column":null}},"loc":{"start":{"line":8,"column":72},"end":{"line":14,"column":2}}},"4":{"name":"(anonymous_19)","decl":{"start":{"line":16,"column":32},"end":{"line":16,"column":null}},"loc":{"start":{"line":16,"column":32},"end":{"line":18,"column":2}}}},"branchMap":{"0":{"loc":{"start":{"line":5,"column":9},"end":{"line":5,"column":72}},"type":"switch","locations":[{"start":{"line":5,"column":9},"end":{"line":5,"column":72}},{"start":{"line":5,"column":2},"end":{"line":5,"column":72}}]},"1":{"loc":{"start":{"line":17,"column":9},"end":{"line":17,"column":53}},"type":"switch","locations":[{"start":{"line":17,"column":9},"end":{"line":17,"column":53}},{"start":{"line":17,"column":2},"end":{"line":17,"column":53}}]}},"s":{"0":3,"1":3,"2":3,"3":2,"4":2,"5":2,"6":3,"7":3,"8":1,"9":1,"10":1,"11":1,"12":2,"13":1,"14":3,"15":4,"16":1,"17":1,"18":3},"f":{"0":2,"1":2,"2":1,"3":1,"4":2},"b":{"0":[2,2],"1":[1,1]}}
,"C:\\Users\\brand\\CS4530\\HuskSheets\\server\\src\\services\\sheetService.ts": {"path":"C:\\Users\\brand\\CS4530\\HuskSheets\\server\\src\\services\\sheetService.ts","statementMap":{"0":{"start":{"line":1,"column":0},"end":{"line":1,"column":47}},"1":{"start":{"line":2,"column":0},"end":{"line":2,"column":48}},"2":{"start":{"line":3,"column":0},"end":{"line":3,"column":52}},"3":{"start":{"line":4,"column":0},"end":{"line":4,"column":38}},"4":{"start":{"line":5,"column":0},"end":{"line":5,"column":42}},"5":{"start":{"line":7,"column":39},"end":{"line":9,"column":2}},"6":{"start":{"line":7,"column":62},"end":{"line":9,"column":2}},"7":{"start":{"line":8,"column":9},"end":{"line":8,"column":72}},"8":{"start":{"line":8,"column":2},"end":{"line":8,"column":72}},"9":{"start":{"line":7,"column":13},"end":{"line":7,"column":39}},"10":{"start":{"line":11,"column":36},"end":{"line":15,"column":2}},"11":{"start":{"line":11,"column":63},"end":{"line":15,"column":2}},"12":{"start":{"line":12,"column":9},"end":{"line":14,"column":5}},"13":{"start":{"line":12,"column":2},"end":{"line":14,"column":5}},"14":{"start":{"line":11,"column":13},"end":{"line":11,"column":36}},"15":{"start":{"line":17,"column":27},"end":{"line":23,"column":2}},"16":{"start":{"line":17,"column":73},"end":{"line":23,"column":2}},"17":{"start":{"line":18,"column":8},"end":{"line":18,"column":40}},"18":{"start":{"line":19,"column":2},"end":{"line":19,"column":36}},"19":{"start":{"line":20,"column":2},"end":{"line":20,"column":31}},"20":{"start":{"line":21,"column":2},"end":{"line":21,"column":48}},"21":{"start":{"line":22,"column":2},"end":{"line":22,"column":21}},"22":{"start":{"line":17,"column":13},"end":{"line":17,"column":27}},"23":{"start":{"line":25,"column":43},"end":{"line":29,"column":2}},"24":{"start":{"line":25,"column":89},"end":{"line":29,"column":2}},"25":{"start":{"line":26,"column":9},"end":{"line":28,"column":5}},"26":{"start":{"line":26,"column":2},"end":{"line":28,"column":5}},"27":{"start":{"line":25,"column":13},"end":{"line":25,"column":43}},"28":{"start":{"line":31,"column":27},"end":{"line":57,"column":2}},"29":{"start":{"line":31,"column":58},"end":{"line":57,"column":2}},"30":{"start":{"line":33,"column":2},"end":{"line":38,"column":15}},"31":{"start":{"line":41,"column":2},"end":{"line":46,"column":15}},"32":{"start":{"line":49,"column":2},"end":{"line":49,"column":50}},"33":{"start":{"line":52,"column":27},"end":{"line":54,"column":null}},"34":{"start":{"line":52,"column":8},"end":{"line":54,"column":null}},"35":{"start":{"line":56,"column":2},"end":{"line":56,"column":27}},"36":{"start":{"line":31,"column":13},"end":{"line":31,"column":27}}},"fnMap":{"0":{"name":"(anonymous_13)","decl":{"start":{"line":7,"column":39},"end":{"line":7,"column":46}},"loc":{"start":{"line":7,"column":62},"end":{"line":9,"column":2}}},"1":{"name":"(anonymous_14)","decl":{"start":{"line":7,"column":62},"end":{"line":7,"column":null}},"loc":{"start":{"line":7,"column":62},"end":{"line":9,"column":2}}},"2":{"name":"(anonymous_16)","decl":{"start":{"line":11,"column":36},"end":{"line":11,"column":43}},"loc":{"start":{"line":11,"column":63},"end":{"line":15,"column":2}}},"3":{"name":"(anonymous_17)","decl":{"start":{"line":11,"column":63},"end":{"line":11,"column":null}},"loc":{"start":{"line":11,"column":63},"end":{"line":15,"column":2}}},"4":{"name":"(anonymous_19)","decl":{"start":{"line":17,"column":27},"end":{"line":17,"column":34}},"loc":{"start":{"line":17,"column":73},"end":{"line":23,"column":2}}},"5":{"name":"(anonymous_20)","decl":{"start":{"line":17,"column":73},"end":{"line":17,"column":null}},"loc":{"start":{"line":17,"column":73},"end":{"line":23,"column":2}}},"6":{"name":"(anonymous_22)","decl":{"start":{"line":25,"column":43},"end":{"line":25,"column":50}},"loc":{"start":{"line":25,"column":89},"end":{"line":29,"column":2}}},"7":{"name":"(anonymous_23)","decl":{"start":{"line":25,"column":89},"end":{"line":25,"column":null}},"loc":{"start":{"line":25,"column":89},"end":{"line":29,"column":2}}},"8":{"name":"(anonymous_25)","decl":{"start":{"line":31,"column":27},"end":{"line":31,"column":34}},"loc":{"start":{"line":31,"column":58},"end":{"line":57,"column":2}}},"9":{"name":"(anonymous_26)","decl":{"start":{"line":31,"column":58},"end":{"line":31,"column":null}},"loc":{"start":{"line":31,"column":58},"end":{"line":57,"column":2}}}},"branchMap":{"0":{"loc":{"start":{"line":8,"column":9},"end":{"line":8,"column":72}},"type":"switch","locations":[{"start":{"line":8,"column":9},"end":{"line":8,"column":72}},{"start":{"line":8,"column":2},"end":{"line":8,"column":72}}]},"1":{"loc":{"start":{"line":12,"column":9},"end":{"line":14,"column":5}},"type":"switch","locations":[{"start":{"line":12,"column":9},"end":{"line":14,"column":5}},{"start":{"line":12,"column":2},"end":{"line":14,"column":5}}]},"2":{"loc":{"start":{"line":26,"column":9},"end":{"line":28,"column":5}},"type":"switch","locations":[{"start":{"line":26,"column":9},"end":{"line":28,"column":5}},{"start":{"line":26,"column":2},"end":{"line":28,"column":5}}]}},"s":{"0":2,"1":2,"2":2,"3":2,"4":2,"5":2,"6":2,"7":2,"8":2,"9":2,"10":2,"11":1,"12":1,"13":1,"14":2,"15":2,"16":1,"17":1,"18":1,"19":1,"20":2,"21":1,"22":2,"23":2,"24":0,"25":0,"26":0,"27":2,"28":2,"29":0,"30":0,"31":0,"32":0,"33":0,"34":0,"35":0,"36":2},"f":{"0":2,"1":2,"2":1,"3":1,"4":1,"5":1,"6":0,"7":0,"8":0,"9":0},"b":{"0":[2,2],"1":[1,1],"2":[0,0]}}
,"C:\\Users\\brand\\CS4530\\HuskSheets\\server\\src\\services\\updateService.ts": {"path":"C:\\Users\\brand\\CS4530\\HuskSheets\\server\\src\\services\\updateService.ts","statementMap":{"0":{"start":{"line":1,"column":0},"end":{"line":1,"column":47}},"1":{"start":{"line":2,"column":0},"end":{"line":2,"column":48}},"2":{"start":{"line":3,"column":0},"end":{"line":3,"column":52}},"3":{"start":{"line":4,"column":0},"end":{"line":4,"column":42}},"4":{"start":{"line":5,"column":0},"end":{"line":5,"column":38}},"5":{"start":{"line":7,"column":28},"end":{"line":41,"column":2}},"6":{"start":{"line":7,"column":76},"end":{"line":41,"column":2}},"7":{"start":{"line":8,"column":8},"end":{"line":8,"column":38}},"8":{"start":{"line":9,"column":30},"end":{"line":9,"column":null}},"9":{"start":{"line":9,"column":23},"end":{"line":9,"column":null}},"10":{"start":{"line":9,"column":13},"end":{"line":9,"column":23}},"11":{"start":{"line":10,"column":10},"end":{"line":10,"column":24}},"12":{"start":{"line":11,"column":4},"end":{"line":11,"column":32}},"13":{"start":{"line":11,"column":23},"end":{"line":11,"column":32}},"14":{"start":{"line":13,"column":10},"end":{"line":13,"column":48}},"15":{"start":{"line":14,"column":10},"end":{"line":14,"column":38}},"16":{"start":{"line":16,"column":4},"end":{"line":18,"column":null}},"17":{"start":{"line":17,"column":6},"end":{"line":17,"column":15}},"18":{"start":{"line":20,"column":10},"end":{"line":25,"column":8}},"19":{"start":{"line":23,"column":23},"end":{"line":23,"column":null}},"20":{"start":{"line":26,"column":10},"end":{"line":26,"column":42}},"21":{"start":{"line":29,"column":7},"end":{"line":33,"column":9}},"22":{"start":{"line":28,"column":8},"end":{"line":33,"column":null}},"23":{"start":{"line":34,"column":4},"end":{"line":34,"column":35}},"24":{"start":{"line":35,"column":4},"end":{"line":35,"column":25}},"25":{"start":{"line":36,"column":4},"end":{"line":36,"column":19}},"26":{"start":{"line":37,"column":4},"end":{"line":37,"column":24}},"27":{"start":{"line":39,"column":4},"end":{"line":39,"column":43}},"28":{"start":{"line":43,"column":41},"end":{"line":71,"column":2}},"29":{"start":{"line":43,"column":92},"end":{"line":71,"column":2}},"30":{"start":{"line":44,"column":15},"end":{"line":46,"column":null}},"31":{"start":{"line":44,"column":8},"end":{"line":46,"column":null}},"32":{"start":{"line":47,"column":2},"end":{"line":49,"column":null}},"33":{"start":{"line":48,"column":4},"end":{"line":48,"column":43}},"34":{"start":{"line":51,"column":22},"end":{"line":54,"column":null}},"35":{"start":{"line":51,"column":8},"end":{"line":54,"column":null}},"36":{"start":{"line":55,"column":2},"end":{"line":57,"column":null}},"37":{"start":{"line":56,"column":4},"end":{"line":56,"column":39}},"38":{"start":{"line":59,"column":18},"end":{"line":63,"column":null}},"39":{"start":{"line":59,"column":8},"end":{"line":63,"column":null}},"40":{"start":{"line":65,"column":2},"end":{"line":70,"column":6}},"41":{"start":{"line":65,"column":33},"end":{"line":70,"column":5}},"42":{"start":{"line":43,"column":13},"end":{"line":43,"column":41}},"43":{"start":{"line":73,"column":38},"end":{"line":101,"column":2}},"44":{"start":{"line":73,"column":89},"end":{"line":101,"column":2}},"45":{"start":{"line":74,"column":15},"end":{"line":76,"column":null}},"46":{"start":{"line":74,"column":8},"end":{"line":76,"column":null}},"47":{"start":{"line":77,"column":2},"end":{"line":79,"column":null}},"48":{"start":{"line":78,"column":4},"end":{"line":78,"column":43}},"49":{"start":{"line":81,"column":22},"end":{"line":84,"column":null}},"50":{"start":{"line":81,"column":8},"end":{"line":84,"column":null}},"51":{"start":{"line":85,"column":2},"end":{"line":87,"column":null}},"52":{"start":{"line":86,"column":4},"end":{"line":86,"column":39}},"53":{"start":{"line":89,"column":18},"end":{"line":93,"column":null}},"54":{"start":{"line":89,"column":8},"end":{"line":93,"column":null}},"55":{"start":{"line":95,"column":2},"end":{"line":100,"column":6}},"56":{"start":{"line":95,"column":33},"end":{"line":100,"column":5}},"57":{"start":{"line":73,"column":13},"end":{"line":73,"column":38}},"58":{"start":{"line":103,"column":31},"end":{"line":125,"column":2}},"59":{"start":{"line":103,"column":87},"end":{"line":125,"column":2}},"60":{"start":{"line":104,"column":15},"end":{"line":106,"column":null}},"61":{"start":{"line":104,"column":8},"end":{"line":106,"column":null}},"62":{"start":{"line":107,"column":2},"end":{"line":109,"column":null}},"63":{"start":{"line":108,"column":4},"end":{"line":108,"column":43}},"64":{"start":{"line":111,"column":22},"end":{"line":114,"column":null}},"65":{"start":{"line":111,"column":8},"end":{"line":114,"column":null}},"66":{"start":{"line":115,"column":2},"end":{"line":117,"column":null}},"67":{"start":{"line":116,"column":4},"end":{"line":116,"column":39}},"68":{"start":{"line":119,"column":2},"end":{"line":119,"column":50}},"69":{"start":{"line":121,"column":8},"end":{"line":121,"column":36}},"70":{"start":{"line":122,"column":2},"end":{"line":122,"column":41}},"71":{"start":{"line":123,"column":2},"end":{"line":123,"column":33}},"72":{"start":{"line":124,"column":2},"end":{"line":124,"column":49}},"73":{"start":{"line":103,"column":13},"end":{"line":103,"column":31}},"74":{"start":{"line":127,"column":34},"end":{"line":150,"column":2}},"75":{"start":{"line":127,"column":90},"end":{"line":150,"column":2}},"76":{"start":{"line":128,"column":15},"end":{"line":130,"column":null}},"77":{"start":{"line":128,"column":8},"end":{"line":130,"column":null}},"78":{"start":{"line":132,"column":2},"end":{"line":134,"column":null}},"79":{"start":{"line":133,"column":4},"end":{"line":133,"column":43}},"80":{"start":{"line":136,"column":22},"end":{"line":139,"column":null}},"81":{"start":{"line":136,"column":8},"end":{"line":139,"column":null}},"82":{"start":{"line":140,"column":2},"end":{"line":142,"column":null}},"83":{"start":{"line":141,"column":4},"end":{"line":141,"column":39}},"84":{"start":{"line":144,"column":2},"end":{"line":144,"column":50}},"85":{"start":{"line":146,"column":8},"end":{"line":146,"column":36}},"86":{"start":{"line":147,"column":2},"end":{"line":147,"column":41}},"87":{"start":{"line":148,"column":2},"end":{"line":148,"column":33}},"88":{"start":{"line":149,"column":2},"end":{"line":149,"column":49}},"89":{"start":{"line":127,"column":13},"end":{"line":127,"column":34}}},"fnMap":{"0":{"name":"(anonymous_13)","decl":{"start":{"line":7,"column":28},"end":{"line":7,"column":35}},"loc":{"start":{"line":7,"column":76},"end":{"line":41,"column":2}}},"1":{"name":"(anonymous_14)","decl":{"start":{"line":7,"column":76},"end":{"line":7,"column":null}},"loc":{"start":{"line":7,"column":76},"end":{"line":41,"column":2}}},"2":{"name":"(anonymous_16)","decl":{"start":{"line":23,"column":8},"end":{"line":23,"column":9}},"loc":{"start":{"line":23,"column":18},"end":{"line":23,"column":26}}},"3":{"name":"(anonymous_17)","decl":{"start":{"line":43,"column":41},"end":{"line":43,"column":48}},"loc":{"start":{"line":43,"column":92},"end":{"line":71,"column":2}}},"4":{"name":"(anonymous_18)","decl":{"start":{"line":43,"column":92},"end":{"line":43,"column":null}},"loc":{"start":{"line":43,"column":92},"end":{"line":71,"column":2}}},"5":{"name":"(anonymous_20)","decl":{"start":{"line":65,"column":21},"end":{"line":65,"column":22}},"loc":{"start":{"line":65,"column":28},"end":{"line":65,"column":34}}},"6":{"name":"(anonymous_21)","decl":{"start":{"line":73,"column":38},"end":{"line":73,"column":45}},"loc":{"start":{"line":73,"column":89},"end":{"line":101,"column":2}}},"7":{"name":"(anonymous_22)","decl":{"start":{"line":73,"column":89},"end":{"line":73,"column":null}},"loc":{"start":{"line":73,"column":89},"end":{"line":101,"column":2}}},"8":{"name":"(anonymous_24)","decl":{"start":{"line":95,"column":21},"end":{"line":95,"column":22}},"loc":{"start":{"line":95,"column":28},"end":{"line":95,"column":34}}},"9":{"name":"(anonymous_25)","decl":{"start":{"line":103,"column":31},"end":{"line":103,"column":38}},"loc":{"start":{"line":103,"column":87},"end":{"line":125,"column":2}}},"10":{"name":"(anonymous_26)","decl":{"start":{"line":103,"column":87},"end":{"line":103,"column":null}},"loc":{"start":{"line":103,"column":87},"end":{"line":125,"column":2}}},"11":{"name":"(anonymous_28)","decl":{"start":{"line":127,"column":34},"end":{"line":127,"column":41}},"loc":{"start":{"line":127,"column":90},"end":{"line":150,"column":2}}},"12":{"name":"(anonymous_29)","decl":{"start":{"line":127,"column":90},"end":{"line":127,"column":null}},"loc":{"start":{"line":127,"column":90},"end":{"line":150,"column":2}}}},"branchMap":{"0":{"loc":{"start":{"line":9,"column":23},"end":{"line":9,"column":null}},"type":"if","locations":[{"start":{"line":9,"column":23},"end":{"line":9,"column":null}}]},"1":{"loc":{"start":{"line":11,"column":4},"end":{"line":11,"column":32}},"type":"if","locations":[{"start":{"line":11,"column":4},"end":{"line":11,"column":32}}]},"2":{"loc":{"start":{"line":11,"column":8},"end":{"line":11,"column":21}},"type":"binary-expr","locations":[{"start":{"line":11,"column":8},"end":{"line":11,"column":12}},{"start":{"line":11,"column":16},"end":{"line":11,"column":21}}]},"3":{"loc":{"start":{"line":16,"column":4},"end":{"line":18,"column":null}},"type":"if","locations":[{"start":{"line":16,"column":4},"end":{"line":18,"column":null}}]},"4":{"loc":{"start":{"line":16,"column":8},"end":{"line":16,"column":33}},"type":"binary-expr","locations":[{"start":{"line":16,"column":8},"end":{"line":16,"column":20}},{"start":{"line":16,"column":24},"end":{"line":16,"column":33}}]},"5":{"loc":{"start":{"line":29,"column":6},"end":{"line":33,"column":23}},"type":"binary-expr","locations":[{"start":{"line":29,"column":7},"end":{"line":29,"column":13}},{"start":{"line":33,"column":13},"end":{"line":33,"column":23}}]},"6":{"loc":{"start":{"line":44,"column":15},"end":{"line":46,"column":null}},"type":"switch","locations":[{"start":{"line":44,"column":15},"end":{"line":46,"column":null}}]},"7":{"loc":{"start":{"line":47,"column":2},"end":{"line":49,"column":null}},"type":"if","locations":[{"start":{"line":47,"column":2},"end":{"line":49,"column":null}}]},"8":{"loc":{"start":{"line":55,"column":2},"end":{"line":57,"column":null}},"type":"if","locations":[{"start":{"line":55,"column":2},"end":{"line":57,"column":null}}]},"9":{"loc":{"start":{"line":74,"column":15},"end":{"line":76,"column":null}},"type":"switch","locations":[{"start":{"line":74,"column":15},"end":{"line":76,"column":null}}]},"10":{"loc":{"start":{"line":77,"column":2},"end":{"line":79,"column":null}},"type":"if","locations":[{"start":{"line":77,"column":2},"end":{"line":79,"column":null}}]},"11":{"loc":{"start":{"line":85,"column":2},"end":{"line":87,"column":null}},"type":"if","locations":[{"start":{"line":85,"column":2},"end":{"line":87,"column":null}}]},"12":{"loc":{"start":{"line":104,"column":15},"end":{"line":106,"column":null}},"type":"switch","locations":[{"start":{"line":104,"column":15},"end":{"line":106,"column":null}}]},"13":{"loc":{"start":{"line":107,"column":2},"end":{"line":109,"column":null}},"type":"if","locations":[{"start":{"line":107,"column":2},"end":{"line":109,"column":null}}]},"14":{"loc":{"start":{"line":115,"column":2},"end":{"line":117,"column":null}},"type":"if","locations":[{"start":{"line":115,"column":2},"end":{"line":117,"column":null}}]},"15":{"loc":{"start":{"line":128,"column":15},"end":{"line":130,"column":null}},"type":"switch","locations":[{"start":{"line":128,"column":15},"end":{"line":130,"column":null}}]},"16":{"loc":{"start":{"line":132,"column":2},"end":{"line":134,"column":null}},"type":"if","locations":[{"start":{"line":132,"column":2},"end":{"line":134,"column":null}}]},"17":{"loc":{"start":{"line":140,"column":2},"end":{"line":142,"column":null}},"type":"if","locations":[{"start":{"line":140,"column":2},"end":{"line":142,"column":null}}]}},"s":{"0":1,"1":1,"2":1,"3":1,"4":1,"5":1,"6":0,"7":0,"8":0,"9":0,"10":0,"11":0,"12":0,"13":0,"14":0,"15":0,"16":0,"17":0,"18":0,"19":0,"20":0,"21":0,"22":0,"23":0,"24":0,"25":0,"26":0,"27":0,"28":1,"29":0,"30":0,"31":0,"32":0,"33":0,"34":0,"35":0,"36":0,"37":0,"38":0,"39":0,"40":0,"41":0,"42":1,"43":1,"44":0,"45":0,"46":0,"47":0,"48":0,"49":0,"50":0,"51":0,"52":0,"53":0,"54":0,"55":0,"56":0,"57":1,"58":1,"59":0,"60":0,"61":0,"62":0,"63":0,"64":0,"65":0,"66":0,"67":0,"68":0,"69":0,"70":0,"71":0,"72":0,"73":1,"74":1,"75":0,"76":0,"77":0,"78":0,"79":0,"80":0,"81":0,"82":0,"83":0,"84":0,"85":0,"86":0,"87":0,"88":0,"89":1},"f":{"0":0,"1":0,"2":0,"3":0,"4":0,"5":0,"6":0,"7":0,"8":0,"9":0,"10":0,"11":0,"12":0},"b":{"0":[0],"1":[0],"2":[0,0],"3":[0],"4":[0,0],"5":[0,0],"6":[0],"7":[0],"8":[0],"9":[0],"10":[0],"11":[0],"12":[0],"13":[0],"14":[0],"15":[0],"16":[0],"17":[0]}}
}
