{"/Users/shubhamyadav/HuskSheets/server/src/data-source.ts": {"path":"/Users/shubhamyadav/HuskSheets/server/src/data-source.ts","statementMap":{"0":{"start":{"line":4,"column":0},"end":{"line":4,"column":25}},"1":{"start":{"line":5,"column":0},"end":{"line":5,"column":36}},"2":{"start":{"line":6,"column":0},"end":{"line":6,"column":46}},"3":{"start":{"line":7,"column":0},"end":{"line":7,"column":37}},"4":{"start":{"line":8,"column":0},"end":{"line":8,"column":51}},"5":{"start":{"line":9,"column":0},"end":{"line":9,"column":41}},"6":{"start":{"line":10,"column":0},"end":{"line":10,"column":37}},"7":{"start":{"line":12,"column":13},"end":{"line":24,"column":null}}},"fnMap":{},"branchMap":{},"s":{"0":4,"1":4,"2":4,"3":4,"4":4,"5":4,"6":4,"7":4},"f":{},"b":{}}
,"/Users/shubhamyadav/HuskSheets/server/src/controllers/authController.ts": {"path":"/Users/shubhamyadav/HuskSheets/server/src/controllers/authController.ts","statementMap":{"0":{"start":{"line":2,"column":0},"end":{"line":2,"column":133}},"1":{"start":{"line":19,"column":33},"end":{"line":28,"column":2}},"2":{"start":{"line":19,"column":71},"end":{"line":28,"column":2}},"3":{"start":{"line":20,"column":34},"end":{"line":20,"column":43}},"4":{"start":{"line":22,"column":18},"end":{"line":22,"column":58}},"5":{"start":{"line":23,"column":2},"end":{"line":25,"column":null}},"6":{"start":{"line":24,"column":4},"end":{"line":24,"column":59}},"7":{"start":{"line":27,"column":2},"end":{"line":27,"column":73}},"8":{"start":{"line":19,"column":13},"end":{"line":19,"column":33}},"9":{"start":{"line":39,"column":32},"end":{"line":48,"column":2}},"10":{"start":{"line":39,"column":70},"end":{"line":48,"column":2}},"11":{"start":{"line":40,"column":21},"end":{"line":40,"column":52}},"12":{"start":{"line":41,"column":17},"end":{"line":46,"column":5}},"13":{"start":{"line":41,"column":48},"end":{"line":46,"column":4}},"14":{"start":{"line":47,"column":2},"end":{"line":47,"column":72}},"15":{"start":{"line":39,"column":13},"end":{"line":39,"column":32}}},"fnMap":{"0":{"name":"(anonymous_7)","decl":{"start":{"line":19,"column":33},"end":{"line":19,"column":40}},"loc":{"start":{"line":19,"column":71},"end":{"line":28,"column":2}}},"1":{"name":"(anonymous_8)","decl":{"start":{"line":19,"column":71},"end":{"line":19,"column":null}},"loc":{"start":{"line":19,"column":71},"end":{"line":28,"column":1}}},"2":{"name":"(anonymous_9)","decl":{"start":{"line":39,"column":32},"end":{"line":39,"column":39}},"loc":{"start":{"line":39,"column":70},"end":{"line":48,"column":2}}},"3":{"name":"(anonymous_10)","decl":{"start":{"line":39,"column":70},"end":{"line":39,"column":null}},"loc":{"start":{"line":39,"column":70},"end":{"line":48,"column":1}}},"4":{"name":"(anonymous_11)","decl":{"start":{"line":41,"column":32},"end":{"line":41,"column":33}},"loc":{"start":{"line":41,"column":48},"end":{"line":46,"column":4}}}},"branchMap":{"0":{"loc":{"start":{"line":23,"column":2},"end":{"line":25,"column":null}},"type":"if","locations":[{"start":{"line":23,"column":2},"end":{"line":25,"column":null}}]}},"s":{"0":1,"1":1,"2":1,"3":1,"4":1,"5":1,"6":1,"7":1,"8":1,"9":1,"10":1,"11":1,"12":1,"13":2,"14":1,"15":1},"f":{"0":1,"1":1,"2":1,"3":1,"4":2},"b":{"0":[1]}}
,"/Users/shubhamyadav/HuskSheets/server/src/controllers/publisherController.ts": {"path":"/Users/shubhamyadav/HuskSheets/server/src/controllers/publisherController.ts","statementMap":{"0":{"start":{"line":2,"column":0},"end":{"line":2,"column":65}},"1":{"start":{"line":22,"column":29},"end":{"line":29,"column":2}},"2":{"start":{"line":22,"column":87},"end":{"line":29,"column":2}},"3":{"start":{"line":23,"column":2},"end":{"line":28,"column":null}},"4":{"start":{"line":24,"column":19},"end":{"line":24,"column":60}},"5":{"start":{"line":25,"column":4},"end":{"line":25,"column":74}},"6":{"start":{"line":27,"column":4},"end":{"line":27,"column":16}},"7":{"start":{"line":22,"column":13},"end":{"line":22,"column":29}}},"fnMap":{"0":{"name":"(anonymous_13)","decl":{"start":{"line":22,"column":29},"end":{"line":22,"column":36}},"loc":{"start":{"line":22,"column":87},"end":{"line":29,"column":2}}},"1":{"name":"(anonymous_14)","decl":{"start":{"line":22,"column":87},"end":{"line":22,"column":null}},"loc":{"start":{"line":22,"column":87},"end":{"line":29,"column":1}}}},"branchMap":{},"s":{"0":1,"1":1,"2":2,"3":2,"4":2,"5":1,"6":1,"7":1},"f":{"0":2,"1":2},"b":{}}
,"/Users/shubhamyadav/HuskSheets/server/src/controllers/sheetController.ts": {"path":"/Users/shubhamyadav/HuskSheets/server/src/controllers/sheetController.ts","statementMap":{"0":{"start":{"line":2,"column":0},"end":{"line":2,"column":57}},"1":{"start":{"line":23,"column":30},"end":{"line":47,"column":2}},"2":{"start":{"line":23,"column":88},"end":{"line":47,"column":2}},"3":{"start":{"line":24,"column":24},"end":{"line":24,"column":33}},"4":{"start":{"line":25,"column":31},"end":{"line":25,"column":39}},"5":{"start":{"line":26,"column":2},"end":{"line":32,"column":null}},"6":{"start":{"line":27,"column":4},"end":{"line":31,"column":7}},"7":{"start":{"line":33,"column":2},"end":{"line":46,"column":null}},"8":{"start":{"line":34,"column":17},"end":{"line":34,"column":70}},"9":{"start":{"line":35,"column":4},"end":{"line":37,"column":null}},"10":{"start":{"line":36,"column":6},"end":{"line":36,"column":97}},"11":{"start":{"line":38,"column":26},"end":{"line":38,"column":85}},"12":{"start":{"line":39,"column":4},"end":{"line":41,"column":null}},"13":{"start":{"line":40,"column":6},"end":{"line":40,"column":108}},"14":{"start":{"line":42,"column":21},"end":{"line":42,"column":64}},"15":{"start":{"line":43,"column":4},"end":{"line":43,"column":76}},"16":{"start":{"line":45,"column":4},"end":{"line":45,"column":16}},"17":{"start":{"line":23,"column":13},"end":{"line":23,"column":30}},"18":{"start":{"line":59,"column":25},"end":{"line":71,"column":2}},"19":{"start":{"line":59,"column":83},"end":{"line":71,"column":2}},"20":{"start":{"line":60,"column":24},"end":{"line":60,"column":32}},"21":{"start":{"line":61,"column":2},"end":{"line":70,"column":null}},"22":{"start":{"line":62,"column":17},"end":{"line":62,"column":70}},"23":{"start":{"line":63,"column":4},"end":{"line":65,"column":null}},"24":{"start":{"line":64,"column":6},"end":{"line":64,"column":97}},"25":{"start":{"line":66,"column":19},"end":{"line":66,"column":64}},"26":{"start":{"line":67,"column":4},"end":{"line":67,"column":74}},"27":{"start":{"line":69,"column":4},"end":{"line":69,"column":16}},"28":{"start":{"line":59,"column":13},"end":{"line":59,"column":25}},"29":{"start":{"line":74,"column":27},"end":{"line":94,"column":2}},"30":{"start":{"line":74,"column":85},"end":{"line":94,"column":2}},"31":{"start":{"line":75,"column":31},"end":{"line":75,"column":39}},"32":{"start":{"line":76,"column":2},"end":{"line":93,"column":null}},"33":{"start":{"line":77,"column":17},"end":{"line":77,"column":70}},"34":{"start":{"line":78,"column":4},"end":{"line":80,"column":null}},"35":{"start":{"line":79,"column":6},"end":{"line":79,"column":97}},"36":{"start":{"line":81,"column":24},"end":{"line":81,"column":83}},"37":{"start":{"line":82,"column":4},"end":{"line":84,"column":null}},"38":{"start":{"line":83,"column":6},"end":{"line":83,"column":93}},"39":{"start":{"line":85,"column":20},"end":{"line":85,"column":63}},"40":{"start":{"line":86,"column":4},"end":{"line":90,"column":null}},"41":{"start":{"line":87,"column":6},"end":{"line":87,"column":72}},"42":{"start":{"line":89,"column":6},"end":{"line":89,"column":99}},"43":{"start":{"line":92,"column":4},"end":{"line":92,"column":16}},"44":{"start":{"line":74,"column":13},"end":{"line":74,"column":27}}},"fnMap":{"0":{"name":"(anonymous_13)","decl":{"start":{"line":23,"column":30},"end":{"line":23,"column":37}},"loc":{"start":{"line":23,"column":88},"end":{"line":47,"column":2}}},"1":{"name":"(anonymous_14)","decl":{"start":{"line":23,"column":88},"end":{"line":23,"column":null}},"loc":{"start":{"line":23,"column":88},"end":{"line":47,"column":1}}},"2":{"name":"(anonymous_15)","decl":{"start":{"line":59,"column":25},"end":{"line":59,"column":32}},"loc":{"start":{"line":59,"column":83},"end":{"line":71,"column":2}}},"3":{"name":"(anonymous_16)","decl":{"start":{"line":59,"column":83},"end":{"line":59,"column":null}},"loc":{"start":{"line":59,"column":83},"end":{"line":71,"column":1}}},"4":{"name":"(anonymous_17)","decl":{"start":{"line":74,"column":27},"end":{"line":74,"column":34}},"loc":{"start":{"line":74,"column":85},"end":{"line":94,"column":2}}},"5":{"name":"(anonymous_18)","decl":{"start":{"line":74,"column":85},"end":{"line":74,"column":null}},"loc":{"start":{"line":74,"column":85},"end":{"line":94,"column":1}}}},"branchMap":{"0":{"loc":{"start":{"line":26,"column":2},"end":{"line":32,"column":null}},"type":"if","locations":[{"start":{"line":26,"column":2},"end":{"line":32,"column":null}}]},"1":{"loc":{"start":{"line":35,"column":4},"end":{"line":37,"column":null}},"type":"if","locations":[{"start":{"line":35,"column":4},"end":{"line":37,"column":null}}]},"2":{"loc":{"start":{"line":39,"column":4},"end":{"line":41,"column":null}},"type":"if","locations":[{"start":{"line":39,"column":4},"end":{"line":41,"column":null}}]},"3":{"loc":{"start":{"line":63,"column":4},"end":{"line":65,"column":null}},"type":"if","locations":[{"start":{"line":63,"column":4},"end":{"line":65,"column":null}}]},"4":{"loc":{"start":{"line":78,"column":4},"end":{"line":80,"column":null}},"type":"if","locations":[{"start":{"line":78,"column":4},"end":{"line":80,"column":null}}]},"5":{"loc":{"start":{"line":82,"column":4},"end":{"line":84,"column":null}},"type":"if","locations":[{"start":{"line":82,"column":4},"end":{"line":84,"column":null}}]},"6":{"loc":{"start":{"line":86,"column":4},"end":{"line":90,"column":null}},"type":"if","locations":[{"start":{"line":86,"column":4},"end":{"line":90,"column":null}},{"start":{"line":88,"column":11},"end":{"line":90,"column":null}}]}},"s":{"0":1,"1":1,"2":4,"3":4,"4":4,"5":4,"6":1,"7":3,"8":3,"9":2,"10":1,"11":1,"12":1,"13":0,"14":1,"15":1,"16":1,"17":1,"18":1,"19":3,"20":3,"21":3,"22":3,"23":2,"24":1,"25":1,"26":1,"27":1,"28":1,"29":1,"30":4,"31":4,"32":4,"33":4,"34":4,"35":1,"36":3,"37":3,"38":1,"39":2,"40":2,"41":1,"42":1,"43":0,"44":1},"f":{"0":4,"1":4,"2":3,"3":3,"4":4,"5":4},"b":{"0":[1],"1":[1],"2":[0],"3":[1],"4":[1],"5":[1],"6":[1,1]}}
,"/Users/shubhamyadav/HuskSheets/server/src/controllers/updateController.ts": {"path":"/Users/shubhamyadav/HuskSheets/server/src/controllers/updateController.ts","statementMap":{"0":{"start":{"line":2,"column":0},"end":{"line":2,"column":59}},"1":{"start":{"line":22,"column":41},"end":{"line":30,"column":2}},"2":{"start":{"line":22,"column":99},"end":{"line":30,"column":2}},"3":{"start":{"line":23,"column":35},"end":{"line":23,"column":43}},"4":{"start":{"line":24,"column":2},"end":{"line":29,"column":null}},"5":{"start":{"line":25,"column":19},"end":{"line":25,"column":86}},"6":{"start":{"line":26,"column":4},"end":{"line":26,"column":74}},"7":{"start":{"line":28,"column":4},"end":{"line":28,"column":16}},"8":{"start":{"line":22,"column":13},"end":{"line":22,"column":41}},"9":{"start":{"line":43,"column":38},"end":{"line":59,"column":2}},"10":{"start":{"line":43,"column":96},"end":{"line":59,"column":2}},"11":{"start":{"line":44,"column":24},"end":{"line":44,"column":33}},"12":{"start":{"line":45,"column":35},"end":{"line":45,"column":43}},"13":{"start":{"line":46,"column":2},"end":{"line":52,"column":null}},"14":{"start":{"line":47,"column":4},"end":{"line":51,"column":7}},"15":{"start":{"line":53,"column":2},"end":{"line":58,"column":null}},"16":{"start":{"line":54,"column":19},"end":{"line":54,"column":83}},"17":{"start":{"line":55,"column":4},"end":{"line":55,"column":74}},"18":{"start":{"line":57,"column":4},"end":{"line":57,"column":16}},"19":{"start":{"line":43,"column":13},"end":{"line":43,"column":38}},"20":{"start":{"line":71,"column":31},"end":{"line":87,"column":2}},"21":{"start":{"line":71,"column":89},"end":{"line":87,"column":2}},"22":{"start":{"line":72,"column":24},"end":{"line":72,"column":33}},"23":{"start":{"line":73,"column":40},"end":{"line":73,"column":48}},"24":{"start":{"line":74,"column":2},"end":{"line":80,"column":null}},"25":{"start":{"line":75,"column":4},"end":{"line":79,"column":7}},"26":{"start":{"line":81,"column":2},"end":{"line":86,"column":null}},"27":{"start":{"line":82,"column":4},"end":{"line":82,"column":67}},"28":{"start":{"line":83,"column":4},"end":{"line":83,"column":70}},"29":{"start":{"line":85,"column":4},"end":{"line":85,"column":16}},"30":{"start":{"line":71,"column":13},"end":{"line":71,"column":31}},"31":{"start":{"line":99,"column":34},"end":{"line":107,"column":2}},"32":{"start":{"line":99,"column":92},"end":{"line":107,"column":2}},"33":{"start":{"line":100,"column":40},"end":{"line":100,"column":48}},"34":{"start":{"line":101,"column":2},"end":{"line":106,"column":null}},"35":{"start":{"line":102,"column":4},"end":{"line":102,"column":70}},"36":{"start":{"line":103,"column":4},"end":{"line":103,"column":70}},"37":{"start":{"line":105,"column":4},"end":{"line":105,"column":16}},"38":{"start":{"line":99,"column":13},"end":{"line":99,"column":34}}},"fnMap":{"0":{"name":"(anonymous_13)","decl":{"start":{"line":22,"column":41},"end":{"line":22,"column":48}},"loc":{"start":{"line":22,"column":99},"end":{"line":30,"column":2}}},"1":{"name":"(anonymous_14)","decl":{"start":{"line":22,"column":99},"end":{"line":22,"column":null}},"loc":{"start":{"line":22,"column":99},"end":{"line":30,"column":1}}},"2":{"name":"(anonymous_15)","decl":{"start":{"line":43,"column":38},"end":{"line":43,"column":45}},"loc":{"start":{"line":43,"column":96},"end":{"line":59,"column":2}}},"3":{"name":"(anonymous_16)","decl":{"start":{"line":43,"column":96},"end":{"line":43,"column":null}},"loc":{"start":{"line":43,"column":96},"end":{"line":59,"column":1}}},"4":{"name":"(anonymous_17)","decl":{"start":{"line":71,"column":31},"end":{"line":71,"column":38}},"loc":{"start":{"line":71,"column":89},"end":{"line":87,"column":2}}},"5":{"name":"(anonymous_18)","decl":{"start":{"line":71,"column":89},"end":{"line":71,"column":null}},"loc":{"start":{"line":71,"column":89},"end":{"line":87,"column":1}}},"6":{"name":"(anonymous_19)","decl":{"start":{"line":99,"column":34},"end":{"line":99,"column":41}},"loc":{"start":{"line":99,"column":92},"end":{"line":107,"column":2}}},"7":{"name":"(anonymous_20)","decl":{"start":{"line":99,"column":92},"end":{"line":99,"column":null}},"loc":{"start":{"line":99,"column":92},"end":{"line":107,"column":1}}}},"branchMap":{"0":{"loc":{"start":{"line":46,"column":2},"end":{"line":52,"column":null}},"type":"if","locations":[{"start":{"line":46,"column":2},"end":{"line":52,"column":null}}]},"1":{"loc":{"start":{"line":74,"column":2},"end":{"line":80,"column":null}},"type":"if","locations":[{"start":{"line":74,"column":2},"end":{"line":80,"column":null}}]}},"s":{"0":1,"1":1,"2":2,"3":2,"4":2,"5":2,"6":1,"7":1,"8":1,"9":1,"10":3,"11":3,"12":3,"13":3,"14":1,"15":2,"16":2,"17":1,"18":1,"19":1,"20":1,"21":3,"22":3,"23":3,"24":3,"25":1,"26":2,"27":2,"28":1,"29":1,"30":1,"31":1,"32":2,"33":2,"34":2,"35":2,"36":1,"37":1,"38":1},"f":{"0":2,"1":2,"2":3,"3":3,"4":3,"5":3,"6":2,"7":2},"b":{"0":[1],"1":[1]}}
,"/Users/shubhamyadav/HuskSheets/server/src/entity/Cell.ts": {"path":"/Users/shubhamyadav/HuskSheets/server/src/entity/Cell.ts","statementMap":{"0":{"start":{"line":1,"column":0},"end":{"line":1,"column":76}},"1":{"start":{"line":2,"column":0},"end":{"line":2,"column":44}},"2":{"start":{"line":5,"column":0},"end":{"line":20,"column":null}},"3":{"start":{"line":7,"column":4},"end":{"line":7,"column":null}},"4":{"start":{"line":10,"column":4},"end":{"line":10,"column":null}},"5":{"start":{"line":9,"column":21},"end":{"line":9,"column":32}},"6":{"start":{"line":9,"column":51},"end":{"line":9,"column":68}},"7":{"start":{"line":13,"column":4},"end":{"line":13,"column":null}},"8":{"start":{"line":16,"column":4},"end":{"line":16,"column":null}},"9":{"start":{"line":19,"column":4},"end":{"line":19,"column":null}},"10":{"start":{"line":5,"column":13},"end":{"line":20,"column":null}},"11":{"start":{"line":5,"column":13},"end":{"line":5,"column":17}}},"fnMap":{"0":{"name":"(anonymous_2)","decl":{"start":{"line":9,"column":15},"end":{"line":9,"column":18}},"loc":{"start":{"line":9,"column":21},"end":{"line":9,"column":32}}},"1":{"name":"(anonymous_3)","decl":{"start":{"line":9,"column":34},"end":{"line":9,"column":35}},"loc":{"start":{"line":9,"column":51},"end":{"line":9,"column":68}}}},"branchMap":{},"s":{"0":6,"1":6,"2":6,"3":6,"4":6,"5":0,"6":0,"7":6,"8":6,"9":6,"10":6,"11":6},"f":{"0":0,"1":0},"b":{}}
,"/Users/shubhamyadav/HuskSheets/server/src/entity/Publisher.ts": {"path":"/Users/shubhamyadav/HuskSheets/server/src/entity/Publisher.ts","statementMap":{"0":{"start":{"line":1,"column":0},"end":{"line":1,"column":76}},"1":{"start":{"line":2,"column":0},"end":{"line":2,"column":44}},"2":{"start":{"line":5,"column":0},"end":{"line":17,"column":null}},"3":{"start":{"line":7,"column":4},"end":{"line":7,"column":null}},"4":{"start":{"line":10,"column":4},"end":{"line":10,"column":null}},"5":{"start":{"line":13,"column":4},"end":{"line":13,"column":null}},"6":{"start":{"line":16,"column":4},"end":{"line":16,"column":null}},"7":{"start":{"line":15,"column":21},"end":{"line":15,"column":32}},"8":{"start":{"line":15,"column":49},"end":{"line":15,"column":70}},"9":{"start":{"line":5,"column":13},"end":{"line":17,"column":null}},"10":{"start":{"line":5,"column":13},"end":{"line":5,"column":22}}},"fnMap":{"0":{"name":"(anonymous_2)","decl":{"start":{"line":15,"column":15},"end":{"line":15,"column":18}},"loc":{"start":{"line":15,"column":21},"end":{"line":15,"column":32}}},"1":{"name":"(anonymous_3)","decl":{"start":{"line":15,"column":34},"end":{"line":15,"column":45}},"loc":{"start":{"line":15,"column":49},"end":{"line":15,"column":70}}}},"branchMap":{},"s":{"0":6,"1":6,"2":6,"3":6,"4":6,"5":6,"6":6,"7":0,"8":0,"9":6,"10":6},"f":{"0":0,"1":0},"b":{}}
,"/Users/shubhamyadav/HuskSheets/server/src/entity/Spreadsheet.ts": {"path":"/Users/shubhamyadav/HuskSheets/server/src/entity/Spreadsheet.ts","statementMap":{"0":{"start":{"line":1,"column":0},"end":{"line":1,"column":110}},"1":{"start":{"line":2,"column":0},"end":{"line":2,"column":40}},"2":{"start":{"line":3,"column":0},"end":{"line":3,"column":30}},"3":{"start":{"line":4,"column":0},"end":{"line":4,"column":34}},"4":{"start":{"line":7,"column":0},"end":{"line":26,"column":null}},"5":{"start":{"line":9,"column":4},"end":{"line":9,"column":null}},"6":{"start":{"line":12,"column":4},"end":{"line":12,"column":null}},"7":{"start":{"line":15,"column":4},"end":{"line":15,"column":null}},"8":{"start":{"line":14,"column":21},"end":{"line":14,"column":30}},"9":{"start":{"line":14,"column":45},"end":{"line":14,"column":67}},"10":{"start":{"line":19,"column":4},"end":{"line":19,"column":null}},"11":{"start":{"line":17,"column":22},"end":{"line":17,"column":31}},"12":{"start":{"line":22,"column":4},"end":{"line":22,"column":null}},"13":{"start":{"line":21,"column":21},"end":{"line":21,"column":25}},"14":{"start":{"line":21,"column":35},"end":{"line":21,"column":51}},"15":{"start":{"line":25,"column":4},"end":{"line":25,"column":null}},"16":{"start":{"line":24,"column":21},"end":{"line":24,"column":27}},"17":{"start":{"line":24,"column":39},"end":{"line":24,"column":57}},"18":{"start":{"line":7,"column":13},"end":{"line":26,"column":null}},"19":{"start":{"line":7,"column":13},"end":{"line":7,"column":24}}},"fnMap":{"0":{"name":"(anonymous_2)","decl":{"start":{"line":14,"column":15},"end":{"line":14,"column":18}},"loc":{"start":{"line":14,"column":21},"end":{"line":14,"column":30}}},"1":{"name":"(anonymous_3)","decl":{"start":{"line":14,"column":32},"end":{"line":14,"column":41}},"loc":{"start":{"line":14,"column":45},"end":{"line":14,"column":67}}},"2":{"name":"(anonymous_4)","decl":{"start":{"line":17,"column":16},"end":{"line":17,"column":19}},"loc":{"start":{"line":17,"column":22},"end":{"line":17,"column":31}}},"3":{"name":"(anonymous_5)","decl":{"start":{"line":21,"column":15},"end":{"line":21,"column":18}},"loc":{"start":{"line":21,"column":21},"end":{"line":21,"column":25}}},"4":{"name":"(anonymous_6)","decl":{"start":{"line":21,"column":27},"end":{"line":21,"column":31}},"loc":{"start":{"line":21,"column":35},"end":{"line":21,"column":51}}},"5":{"name":"(anonymous_7)","decl":{"start":{"line":24,"column":15},"end":{"line":24,"column":18}},"loc":{"start":{"line":24,"column":21},"end":{"line":24,"column":27}}},"6":{"name":"(anonymous_8)","decl":{"start":{"line":24,"column":29},"end":{"line":24,"column":35}},"loc":{"start":{"line":24,"column":39},"end":{"line":24,"column":57}}}},"branchMap":{},"s":{"0":6,"1":6,"2":6,"3":6,"4":6,"5":6,"6":6,"7":6,"8":0,"9":0,"10":6,"11":0,"12":6,"13":0,"14":0,"15":6,"16":0,"17":0,"18":6,"19":6},"f":{"0":0,"1":0,"2":0,"3":0,"4":0,"5":0,"6":0},"b":{}}
,"/Users/shubhamyadav/HuskSheets/server/src/entity/Update.ts": {"path":"/Users/shubhamyadav/HuskSheets/server/src/entity/Update.ts","statementMap":{"0":{"start":{"line":1,"column":0},"end":{"line":1,"column":76}},"1":{"start":{"line":2,"column":0},"end":{"line":2,"column":44}},"2":{"start":{"line":5,"column":0},"end":{"line":14,"column":null}},"3":{"start":{"line":7,"column":4},"end":{"line":7,"column":null}},"4":{"start":{"line":10,"column":4},"end":{"line":10,"column":null}},"5":{"start":{"line":9,"column":21},"end":{"line":9,"column":32}},"6":{"start":{"line":9,"column":49},"end":{"line":9,"column":68}},"7":{"start":{"line":13,"column":4},"end":{"line":13,"column":null}},"8":{"start":{"line":5,"column":13},"end":{"line":14,"column":null}},"9":{"start":{"line":5,"column":13},"end":{"line":5,"column":19}}},"fnMap":{"0":{"name":"(anonymous_2)","decl":{"start":{"line":9,"column":15},"end":{"line":9,"column":18}},"loc":{"start":{"line":9,"column":21},"end":{"line":9,"column":32}}},"1":{"name":"(anonymous_3)","decl":{"start":{"line":9,"column":34},"end":{"line":9,"column":45}},"loc":{"start":{"line":9,"column":49},"end":{"line":9,"column":68}}}},"branchMap":{},"s":{"0":6,"1":6,"2":6,"3":6,"4":6,"5":0,"6":0,"7":6,"8":6,"9":6},"f":{"0":0,"1":0},"b":{}}
,"/Users/shubhamyadav/HuskSheets/server/src/entity/User.ts": {"path":"/Users/shubhamyadav/HuskSheets/server/src/entity/User.ts","statementMap":{"0":{"start":{"line":1,"column":0},"end":{"line":1,"column":65}},"1":{"start":{"line":11,"column":0},"end":{"line":20,"column":null}},"2":{"start":{"line":13,"column":2},"end":{"line":13,"column":null}},"3":{"start":{"line":16,"column":2},"end":{"line":16,"column":null}},"4":{"start":{"line":19,"column":2},"end":{"line":19,"column":null}},"5":{"start":{"line":11,"column":13},"end":{"line":20,"column":null}},"6":{"start":{"line":11,"column":13},"end":{"line":11,"column":17}}},"fnMap":{},"branchMap":{},"s":{"0":5,"1":5,"2":5,"3":5,"4":5,"5":5,"6":5},"f":{},"b":{}}
,"/Users/shubhamyadav/HuskSheets/server/src/middleware/auth.ts": {"path":"/Users/shubhamyadav/HuskSheets/server/src/middleware/auth.ts","statementMap":{"0":{"start":{"line":3,"column":0},"end":{"line":3,"column":38}},"1":{"start":{"line":4,"column":0},"end":{"line":4,"column":47}},"2":{"start":{"line":5,"column":0},"end":{"line":5,"column":32}},"3":{"start":{"line":35,"column":15},"end":{"line":59,"column":4}},"4":{"start":{"line":35,"column":73},"end":{"line":59,"column":4}},"5":{"start":{"line":36,"column":23},"end":{"line":36,"column":48}},"6":{"start":{"line":38,"column":4},"end":{"line":40,"column":null}},"7":{"start":{"line":39,"column":6},"end":{"line":39,"column":90}},"8":{"start":{"line":42,"column":30},"end":{"line":42,"column":54}},"9":{"start":{"line":43,"column":24},"end":{"line":43,"column":82}},"10":{"start":{"line":44,"column":34},"end":{"line":44,"column":56}},"11":{"start":{"line":46,"column":17},"end":{"line":46,"column":84}},"12":{"start":{"line":48,"column":4},"end":{"line":50,"column":null}},"13":{"start":{"line":49,"column":6},"end":{"line":49,"column":90}},"14":{"start":{"line":52,"column":28},"end":{"line":52,"column":68}},"15":{"start":{"line":53,"column":4},"end":{"line":55,"column":null}},"16":{"start":{"line":54,"column":6},"end":{"line":54,"column":90}},"17":{"start":{"line":57,"column":4},"end":{"line":57,"column":39}},"18":{"start":{"line":58,"column":4},"end":{"line":58,"column":11}},"19":{"start":{"line":61,"column":2},"end":{"line":61,"column":22}}},"fnMap":{"0":{"name":"(anonymous_7)","decl":{"start":{"line":35,"column":15},"end":{"line":35,"column":22}},"loc":{"start":{"line":35,"column":73},"end":{"line":59,"column":4}}},"1":{"name":"(anonymous_8)","decl":{"start":{"line":35,"column":73},"end":{"line":35,"column":null}},"loc":{"start":{"line":35,"column":73},"end":{"line":59,"column":3}}}},"branchMap":{"0":{"loc":{"start":{"line":38,"column":4},"end":{"line":40,"column":null}},"type":"if","locations":[{"start":{"line":38,"column":4},"end":{"line":40,"column":null}}]},"1":{"loc":{"start":{"line":38,"column":8},"end":{"line":38,"column":55}},"type":"binary-expr","locations":[{"start":{"line":38,"column":8},"end":{"line":38,"column":19}},{"start":{"line":38,"column":23},"end":{"line":38,"column":55}}]},"2":{"loc":{"start":{"line":48,"column":4},"end":{"line":50,"column":null}},"type":"if","locations":[{"start":{"line":48,"column":4},"end":{"line":50,"column":null}}]},"3":{"loc":{"start":{"line":53,"column":4},"end":{"line":55,"column":null}},"type":"if","locations":[{"start":{"line":53,"column":4},"end":{"line":55,"column":null}}]}},"s":{"0":1,"1":1,"2":1,"3":1,"4":5,"5":5,"6":5,"7":2,"8":3,"9":3,"10":3,"11":3,"12":3,"13":1,"14":2,"15":2,"16":1,"17":1,"18":1,"19":1},"f":{"0":5,"1":5},"b":{"0":[2],"1":[5,4],"2":[1],"3":[1]}}
,"/Users/shubhamyadav/HuskSheets/server/src/services/publisherService.ts": {"path":"/Users/shubhamyadav/HuskSheets/server/src/services/publisherService.ts","statementMap":{"0":{"start":{"line":1,"column":0},"end":{"line":1,"column":47}},"1":{"start":{"line":2,"column":0},"end":{"line":2,"column":48}},"2":{"start":{"line":21,"column":39},"end":{"line":23,"column":2}},"3":{"start":{"line":21,"column":66},"end":{"line":23,"column":2}},"4":{"start":{"line":22,"column":2},"end":{"line":22,"column":72}},"5":{"start":{"line":21,"column":13},"end":{"line":21,"column":39}},"6":{"start":{"line":34,"column":31},"end":{"line":40,"column":2}},"7":{"start":{"line":34,"column":76},"end":{"line":40,"column":2}},"8":{"start":{"line":35,"column":20},"end":{"line":35,"column":35}},"9":{"start":{"line":36,"column":2},"end":{"line":36,"column":32}},"10":{"start":{"line":37,"column":2},"end":{"line":37,"column":32}},"11":{"start":{"line":38,"column":2},"end":{"line":38,"column":46}},"12":{"start":{"line":39,"column":2},"end":{"line":39,"column":19}},"13":{"start":{"line":34,"column":13},"end":{"line":34,"column":31}},"14":{"start":{"line":49,"column":32},"end":{"line":51,"column":2}},"15":{"start":{"line":49,"column":43},"end":{"line":51,"column":2}},"16":{"start":{"line":50,"column":2},"end":{"line":50,"column":53}},"17":{"start":{"line":49,"column":13},"end":{"line":49,"column":32}}},"fnMap":{"0":{"name":"(anonymous_7)","decl":{"start":{"line":21,"column":39},"end":{"line":21,"column":46}},"loc":{"start":{"line":21,"column":66},"end":{"line":23,"column":2}}},"1":{"name":"(anonymous_8)","decl":{"start":{"line":21,"column":66},"end":{"line":21,"column":null}},"loc":{"start":{"line":21,"column":66},"end":{"line":23,"column":1}}},"2":{"name":"(anonymous_9)","decl":{"start":{"line":34,"column":31},"end":{"line":34,"column":38}},"loc":{"start":{"line":34,"column":76},"end":{"line":40,"column":2}}},"3":{"name":"(anonymous_10)","decl":{"start":{"line":34,"column":76},"end":{"line":34,"column":null}},"loc":{"start":{"line":34,"column":76},"end":{"line":40,"column":1}}},"4":{"name":"(anonymous_11)","decl":{"start":{"line":49,"column":32},"end":{"line":49,"column":41}},"loc":{"start":{"line":49,"column":43},"end":{"line":51,"column":2}}},"5":{"name":"(anonymous_12)","decl":{"start":{"line":49,"column":43},"end":{"line":49,"column":null}},"loc":{"start":{"line":49,"column":43},"end":{"line":51,"column":1}}}},"branchMap":{},"s":{"0":3,"1":3,"2":3,"3":2,"4":2,"5":3,"6":3,"7":1,"8":1,"9":1,"10":1,"11":1,"12":1,"13":3,"14":3,"15":1,"16":1,"17":3},"f":{"0":2,"1":2,"2":1,"3":1,"4":1,"5":1},"b":{}}
,"/Users/shubhamyadav/HuskSheets/server/src/services/sheetService.ts": {"path":"/Users/shubhamyadav/HuskSheets/server/src/services/sheetService.ts","statementMap":{"0":{"start":{"line":2,"column":0},"end":{"line":2,"column":47}},"1":{"start":{"line":3,"column":0},"end":{"line":3,"column":48}},"2":{"start":{"line":4,"column":0},"end":{"line":4,"column":52}},"3":{"start":{"line":5,"column":0},"end":{"line":5,"column":38}},"4":{"start":{"line":6,"column":0},"end":{"line":6,"column":42}},"5":{"start":{"line":25,"column":39},"end":{"line":27,"column":2}},"6":{"start":{"line":25,"column":66},"end":{"line":27,"column":2}},"7":{"start":{"line":26,"column":2},"end":{"line":26,"column":72}},"8":{"start":{"line":25,"column":13},"end":{"line":25,"column":39}},"9":{"start":{"line":37,"column":36},"end":{"line":45,"column":2}},"10":{"start":{"line":37,"column":67},"end":{"line":45,"column":2}},"11":{"start":{"line":38,"column":17},"end":{"line":40,"column":4}},"12":{"start":{"line":41,"column":2},"end":{"line":44,"column":6}},"13":{"start":{"line":41,"column":30},"end":{"line":44,"column":4}},"14":{"start":{"line":37,"column":13},"end":{"line":37,"column":36}},"15":{"start":{"line":56,"column":27},"end":{"line":62,"column":2}},"16":{"start":{"line":56,"column":77},"end":{"line":62,"column":2}},"17":{"start":{"line":57,"column":22},"end":{"line":57,"column":39}},"18":{"start":{"line":58,"column":2},"end":{"line":58,"column":36}},"19":{"start":{"line":59,"column":2},"end":{"line":59,"column":31}},"20":{"start":{"line":60,"column":2},"end":{"line":60,"column":48}},"21":{"start":{"line":61,"column":2},"end":{"line":61,"column":21}},"22":{"start":{"line":56,"column":13},"end":{"line":56,"column":27}},"23":{"start":{"line":73,"column":43},"end":{"line":77,"column":2}},"24":{"start":{"line":73,"column":93},"end":{"line":77,"column":2}},"25":{"start":{"line":74,"column":2},"end":{"line":76,"column":5}},"26":{"start":{"line":73,"column":13},"end":{"line":73,"column":43}},"27":{"start":{"line":80,"column":27},"end":{"line":112,"column":2}},"28":{"start":{"line":80,"column":62},"end":{"line":112,"column":2}},"29":{"start":{"line":81,"column":22},"end":{"line":81,"column":55}},"30":{"start":{"line":82,"column":2},"end":{"line":82,"column":30}},"31":{"start":{"line":83,"column":2},"end":{"line":83,"column":39}},"32":{"start":{"line":85,"column":2},"end":{"line":111,"column":null}},"33":{"start":{"line":87,"column":4},"end":{"line":92,"column":17}},"34":{"start":{"line":94,"column":4},"end":{"line":99,"column":17}},"35":{"start":{"line":101,"column":4},"end":{"line":101,"column":63}},"36":{"start":{"line":103,"column":4},"end":{"line":103,"column":42}},"37":{"start":{"line":104,"column":4},"end":{"line":104,"column":16}},"38":{"start":{"line":106,"column":4},"end":{"line":106,"column":44}},"39":{"start":{"line":107,"column":4},"end":{"line":107,"column":56}},"40":{"start":{"line":108,"column":4},"end":{"line":108,"column":17}},"41":{"start":{"line":110,"column":4},"end":{"line":110,"column":32}},"42":{"start":{"line":80,"column":13},"end":{"line":80,"column":27}}},"fnMap":{"0":{"name":"(anonymous_7)","decl":{"start":{"line":25,"column":39},"end":{"line":25,"column":46}},"loc":{"start":{"line":25,"column":66},"end":{"line":27,"column":2}}},"1":{"name":"(anonymous_8)","decl":{"start":{"line":25,"column":66},"end":{"line":25,"column":null}},"loc":{"start":{"line":25,"column":66},"end":{"line":27,"column":1}}},"2":{"name":"(anonymous_9)","decl":{"start":{"line":37,"column":36},"end":{"line":37,"column":43}},"loc":{"start":{"line":37,"column":67},"end":{"line":45,"column":2}}},"3":{"name":"(anonymous_10)","decl":{"start":{"line":37,"column":67},"end":{"line":37,"column":null}},"loc":{"start":{"line":37,"column":67},"end":{"line":45,"column":1}}},"4":{"name":"(anonymous_11)","decl":{"start":{"line":41,"column":20},"end":{"line":41,"column":25}},"loc":{"start":{"line":41,"column":30},"end":{"line":44,"column":4}}},"5":{"name":"(anonymous_12)","decl":{"start":{"line":56,"column":27},"end":{"line":56,"column":34}},"loc":{"start":{"line":56,"column":77},"end":{"line":62,"column":2}}},"6":{"name":"(anonymous_13)","decl":{"start":{"line":56,"column":77},"end":{"line":56,"column":null}},"loc":{"start":{"line":56,"column":77},"end":{"line":62,"column":1}}},"7":{"name":"(anonymous_14)","decl":{"start":{"line":73,"column":43},"end":{"line":73,"column":50}},"loc":{"start":{"line":73,"column":93},"end":{"line":77,"column":2}}},"8":{"name":"(anonymous_15)","decl":{"start":{"line":73,"column":93},"end":{"line":73,"column":null}},"loc":{"start":{"line":73,"column":93},"end":{"line":77,"column":1}}},"9":{"name":"(anonymous_16)","decl":{"start":{"line":80,"column":27},"end":{"line":80,"column":34}},"loc":{"start":{"line":80,"column":62},"end":{"line":112,"column":2}}},"10":{"name":"(anonymous_17)","decl":{"start":{"line":80,"column":62},"end":{"line":80,"column":null}},"loc":{"start":{"line":80,"column":62},"end":{"line":112,"column":1}}}},"branchMap":{},"s":{"0":2,"1":2,"2":2,"3":2,"4":2,"5":2,"6":2,"7":2,"8":2,"9":2,"10":1,"11":1,"12":1,"13":2,"14":2,"15":2,"16":1,"17":1,"18":1,"19":1,"20":1,"21":1,"22":2,"23":2,"24":0,"25":0,"26":2,"27":2,"28":0,"29":0,"30":0,"31":0,"32":0,"33":0,"34":0,"35":0,"36":0,"37":0,"38":0,"39":0,"40":0,"41":0,"42":2},"f":{"0":2,"1":2,"2":1,"3":1,"4":2,"5":1,"6":1,"7":0,"8":0,"9":0,"10":0},"b":{}}
,"/Users/shubhamyadav/HuskSheets/server/src/services/updateService.ts": {"path":"/Users/shubhamyadav/HuskSheets/server/src/services/updateService.ts","statementMap":{"0":{"start":{"line":1,"column":0},"end":{"line":1,"column":47}},"1":{"start":{"line":2,"column":0},"end":{"line":2,"column":48}},"2":{"start":{"line":3,"column":0},"end":{"line":3,"column":52}},"3":{"start":{"line":4,"column":0},"end":{"line":4,"column":42}},"4":{"start":{"line":5,"column":0},"end":{"line":5,"column":38}},"5":{"start":{"line":28,"column":41},"end":{"line":56,"column":2}},"6":{"start":{"line":28,"column":96},"end":{"line":56,"column":2}},"7":{"start":{"line":29,"column":15},"end":{"line":31,"column":4}},"8":{"start":{"line":32,"column":2},"end":{"line":34,"column":null}},"9":{"start":{"line":33,"column":4},"end":{"line":33,"column":43}},"10":{"start":{"line":36,"column":22},"end":{"line":39,"column":4}},"11":{"start":{"line":40,"column":2},"end":{"line":42,"column":null}},"12":{"start":{"line":41,"column":4},"end":{"line":41,"column":39}},"13":{"start":{"line":44,"column":18},"end":{"line":48,"column":14}},"14":{"start":{"line":50,"column":2},"end":{"line":55,"column":6}},"15":{"start":{"line":50,"column":34},"end":{"line":55,"column":4}},"16":{"start":{"line":28,"column":13},"end":{"line":28,"column":41}},"17":{"start":{"line":58,"column":38},"end":{"line":86,"column":2}},"18":{"start":{"line":58,"column":93},"end":{"line":86,"column":2}},"19":{"start":{"line":59,"column":15},"end":{"line":61,"column":4}},"20":{"start":{"line":62,"column":2},"end":{"line":64,"column":null}},"21":{"start":{"line":63,"column":4},"end":{"line":63,"column":43}},"22":{"start":{"line":66,"column":22},"end":{"line":69,"column":4}},"23":{"start":{"line":70,"column":2},"end":{"line":72,"column":null}},"24":{"start":{"line":71,"column":4},"end":{"line":71,"column":39}},"25":{"start":{"line":74,"column":18},"end":{"line":78,"column":14}},"26":{"start":{"line":80,"column":2},"end":{"line":85,"column":6}},"27":{"start":{"line":80,"column":34},"end":{"line":85,"column":4}},"28":{"start":{"line":58,"column":13},"end":{"line":58,"column":38}},"29":{"start":{"line":88,"column":28},"end":{"line":122,"column":2}},"30":{"start":{"line":88,"column":80},"end":{"line":122,"column":2}},"31":{"start":{"line":89,"column":18},"end":{"line":89,"column":37}},"32":{"start":{"line":90,"column":2},"end":{"line":121,"column":null}},"33":{"start":{"line":91,"column":24},"end":{"line":91,"column":41}},"34":{"start":{"line":92,"column":4},"end":{"line":92,"column":32}},"35":{"start":{"line":92,"column":23},"end":{"line":92,"column":32}},"36":{"start":{"line":94,"column":24},"end":{"line":94,"column":47}},"37":{"start":{"line":95,"column":21},"end":{"line":95,"column":37}},"38":{"start":{"line":97,"column":4},"end":{"line":99,"column":null}},"39":{"start":{"line":98,"column":6},"end":{"line":98,"column":15}},"40":{"start":{"line":101,"column":19},"end":{"line":105,"column":null}},"41":{"start":{"line":104,"column":23},"end":{"line":104,"column":78}},"42":{"start":{"line":107,"column":16},"end":{"line":107,"column":41}},"43":{"start":{"line":110,"column":6},"end":{"line":114,"column":23}},"44":{"start":{"line":115,"column":4},"end":{"line":115,"column":35}},"45":{"start":{"line":116,"column":4},"end":{"line":116,"column":25}},"46":{"start":{"line":117,"column":4},"end":{"line":117,"column":19}},"47":{"start":{"line":118,"column":4},"end":{"line":118,"column":24}},"48":{"start":{"line":120,"column":4},"end":{"line":120,"column":43}},"49":{"start":{"line":124,"column":31},"end":{"line":146,"column":2}},"50":{"start":{"line":124,"column":91},"end":{"line":146,"column":2}},"51":{"start":{"line":125,"column":15},"end":{"line":127,"column":4}},"52":{"start":{"line":128,"column":2},"end":{"line":130,"column":null}},"53":{"start":{"line":129,"column":4},"end":{"line":129,"column":43}},"54":{"start":{"line":132,"column":22},"end":{"line":135,"column":4}},"55":{"start":{"line":136,"column":2},"end":{"line":138,"column":null}},"56":{"start":{"line":137,"column":4},"end":{"line":137,"column":39}},"57":{"start":{"line":140,"column":2},"end":{"line":140,"column":50}},"58":{"start":{"line":142,"column":23},"end":{"line":142,"column":35}},"59":{"start":{"line":143,"column":2},"end":{"line":143,"column":41}},"60":{"start":{"line":144,"column":2},"end":{"line":144,"column":33}},"61":{"start":{"line":145,"column":2},"end":{"line":145,"column":49}},"62":{"start":{"line":124,"column":13},"end":{"line":124,"column":31}},"63":{"start":{"line":148,"column":34},"end":{"line":171,"column":2}},"64":{"start":{"line":148,"column":94},"end":{"line":171,"column":2}},"65":{"start":{"line":149,"column":15},"end":{"line":151,"column":4}},"66":{"start":{"line":153,"column":2},"end":{"line":155,"column":null}},"67":{"start":{"line":154,"column":4},"end":{"line":154,"column":43}},"68":{"start":{"line":157,"column":22},"end":{"line":160,"column":4}},"69":{"start":{"line":161,"column":2},"end":{"line":163,"column":null}},"70":{"start":{"line":162,"column":4},"end":{"line":162,"column":39}},"71":{"start":{"line":165,"column":2},"end":{"line":165,"column":50}},"72":{"start":{"line":167,"column":23},"end":{"line":167,"column":35}},"73":{"start":{"line":168,"column":2},"end":{"line":168,"column":41}},"74":{"start":{"line":169,"column":2},"end":{"line":169,"column":33}},"75":{"start":{"line":170,"column":2},"end":{"line":170,"column":49}},"76":{"start":{"line":148,"column":13},"end":{"line":148,"column":34}}},"fnMap":{"0":{"name":"(anonymous_7)","decl":{"start":{"line":28,"column":41},"end":{"line":28,"column":48}},"loc":{"start":{"line":28,"column":96},"end":{"line":56,"column":2}}},"1":{"name":"(anonymous_8)","decl":{"start":{"line":28,"column":96},"end":{"line":28,"column":null}},"loc":{"start":{"line":28,"column":96},"end":{"line":56,"column":1}}},"2":{"name":"(anonymous_9)","decl":{"start":{"line":50,"column":21},"end":{"line":50,"column":22}},"loc":{"start":{"line":50,"column":34},"end":{"line":55,"column":4}}},"3":{"name":"(anonymous_10)","decl":{"start":{"line":58,"column":38},"end":{"line":58,"column":45}},"loc":{"start":{"line":58,"column":93},"end":{"line":86,"column":2}}},"4":{"name":"(anonymous_11)","decl":{"start":{"line":58,"column":93},"end":{"line":58,"column":null}},"loc":{"start":{"line":58,"column":93},"end":{"line":86,"column":1}}},"5":{"name":"(anonymous_12)","decl":{"start":{"line":80,"column":21},"end":{"line":80,"column":22}},"loc":{"start":{"line":80,"column":34},"end":{"line":85,"column":4}}},"6":{"name":"(anonymous_13)","decl":{"start":{"line":88,"column":28},"end":{"line":88,"column":35}},"loc":{"start":{"line":88,"column":80},"end":{"line":122,"column":2}}},"7":{"name":"(anonymous_14)","decl":{"start":{"line":88,"column":80},"end":{"line":88,"column":null}},"loc":{"start":{"line":88,"column":80},"end":{"line":122,"column":1}}},"8":{"name":"(anonymous_15)","decl":{"start":{"line":104,"column":8},"end":{"line":104,"column":9}},"loc":{"start":{"line":104,"column":23},"end":{"line":104,"column":78}}},"9":{"name":"(anonymous_16)","decl":{"start":{"line":124,"column":31},"end":{"line":124,"column":38}},"loc":{"start":{"line":124,"column":91},"end":{"line":146,"column":2}}},"10":{"name":"(anonymous_17)","decl":{"start":{"line":124,"column":91},"end":{"line":124,"column":null}},"loc":{"start":{"line":124,"column":91},"end":{"line":146,"column":1}}},"11":{"name":"(anonymous_18)","decl":{"start":{"line":148,"column":34},"end":{"line":148,"column":41}},"loc":{"start":{"line":148,"column":94},"end":{"line":171,"column":2}}},"12":{"name":"(anonymous_19)","decl":{"start":{"line":148,"column":94},"end":{"line":148,"column":null}},"loc":{"start":{"line":148,"column":94},"end":{"line":171,"column":1}}}},"branchMap":{"0":{"loc":{"start":{"line":32,"column":2},"end":{"line":34,"column":null}},"type":"if","locations":[{"start":{"line":32,"column":2},"end":{"line":34,"column":null}}]},"1":{"loc":{"start":{"line":40,"column":2},"end":{"line":42,"column":null}},"type":"if","locations":[{"start":{"line":40,"column":2},"end":{"line":42,"column":null}}]},"2":{"loc":{"start":{"line":62,"column":2},"end":{"line":64,"column":null}},"type":"if","locations":[{"start":{"line":62,"column":2},"end":{"line":64,"column":null}}]},"3":{"loc":{"start":{"line":70,"column":2},"end":{"line":72,"column":null}},"type":"if","locations":[{"start":{"line":70,"column":2},"end":{"line":72,"column":null}}]},"4":{"loc":{"start":{"line":92,"column":4},"end":{"line":92,"column":32}},"type":"if","locations":[{"start":{"line":92,"column":4},"end":{"line":92,"column":32}}]},"5":{"loc":{"start":{"line":92,"column":8},"end":{"line":92,"column":21}},"type":"binary-expr","locations":[{"start":{"line":92,"column":8},"end":{"line":92,"column":12}},{"start":{"line":92,"column":16},"end":{"line":92,"column":21}}]},"6":{"loc":{"start":{"line":97,"column":4},"end":{"line":99,"column":null}},"type":"if","locations":[{"start":{"line":97,"column":4},"end":{"line":99,"column":null}}]},"7":{"loc":{"start":{"line":97,"column":8},"end":{"line":97,"column":33}},"type":"binary-expr","locations":[{"start":{"line":97,"column":8},"end":{"line":97,"column":20}},{"start":{"line":97,"column":24},"end":{"line":97,"column":33}}]},"8":{"loc":{"start":{"line":110,"column":6},"end":{"line":114,"column":23}},"type":"binary-expr","locations":[{"start":{"line":110,"column":7},"end":{"line":114,"column":8}},{"start":{"line":114,"column":13},"end":{"line":114,"column":23}}]},"9":{"loc":{"start":{"line":128,"column":2},"end":{"line":130,"column":null}},"type":"if","locations":[{"start":{"line":128,"column":2},"end":{"line":130,"column":null}}]},"10":{"loc":{"start":{"line":136,"column":2},"end":{"line":138,"column":null}},"type":"if","locations":[{"start":{"line":136,"column":2},"end":{"line":138,"column":null}}]},"11":{"loc":{"start":{"line":153,"column":2},"end":{"line":155,"column":null}},"type":"if","locations":[{"start":{"line":153,"column":2},"end":{"line":155,"column":null}}]},"12":{"loc":{"start":{"line":161,"column":2},"end":{"line":163,"column":null}},"type":"if","locations":[{"start":{"line":161,"column":2},"end":{"line":163,"column":null}}]}},"s":{"0":1,"1":1,"2":1,"3":1,"4":1,"5":1,"6":0,"7":0,"8":0,"9":0,"10":0,"11":0,"12":0,"13":0,"14":0,"15":0,"16":1,"17":1,"18":0,"19":0,"20":0,"21":0,"22":0,"23":0,"24":0,"25":0,"26":0,"27":0,"28":1,"29":1,"30":0,"31":0,"32":0,"33":0,"34":0,"35":0,"36":0,"37":0,"38":0,"39":0,"40":0,"41":0,"42":0,"43":0,"44":0,"45":0,"46":0,"47":0,"48":0,"49":1,"50":0,"51":0,"52":0,"53":0,"54":0,"55":0,"56":0,"57":0,"58":0,"59":0,"60":0,"61":0,"62":1,"63":1,"64":0,"65":0,"66":0,"67":0,"68":0,"69":0,"70":0,"71":0,"72":0,"73":0,"74":0,"75":0,"76":1},"f":{"0":0,"1":0,"2":0,"3":0,"4":0,"5":0,"6":0,"7":0,"8":0,"9":0,"10":0,"11":0,"12":0},"b":{"0":[0],"1":[0],"2":[0],"3":[0],"4":[0],"5":[0,0],"6":[0],"7":[0,0],"8":[0,0],"9":[0],"10":[0],"11":[0],"12":[0]}}
}
