TN:
SF:src\data-source.ts
FNF:0
FNH:0
DA:4,4
DA:5,4
DA:6,4
DA:7,4
DA:8,4
DA:9,4
DA:10,4
DA:12,4
LF:8
LH:8
BRF:0
BRH:0
end_of_record
TN:
SF:src\controllers\authController.ts
FN:5,(anonymous_7)
FN:5,(anonymous_8)
FN:17,(anonymous_9)
FN:17,(anonymous_10)
FN:19,(anonymous_11)
FNF:5
FNH:5
FNDA:1,(anonymous_7)
FNDA:1,(anonymous_8)
FNDA:1,(anonymous_9)
FNDA:1,(anonymous_10)
FNDA:2,(anonymous_11)
DA:2,1
DA:5,1
DA:6,1
DA:8,1
DA:9,1
DA:10,1
DA:13,1
DA:17,1
DA:18,1
DA:19,2
DA:25,1
LF:11
LH:11
BRDA:9,0,0,1
BRF:1
BRH:1
end_of_record
TN:
SF:src\controllers\publisherController.ts
FN:4,(anonymous_13)
FN:4,(anonymous_14)
FNF:2
FNH:2
FNDA:2,(anonymous_13)
FNDA:2,(anonymous_14)
DA:2,1
DA:4,2
DA:5,2
DA:6,2
DA:7,1
DA:9,1
LF:6
LH:6
BRF:0
BRH:0
end_of_record
TN:
SF:src\controllers\sheetController.ts
FN:6,(anonymous_13)
FN:6,(anonymous_14)
FN:29,(anonymous_15)
FN:29,(anonymous_16)
FN:44,(anonymous_17)
FN:44,(anonymous_18)
FNF:6
FNH:6
FNDA:4,(anonymous_13)
FNDA:4,(anonymous_14)
FNDA:3,(anonymous_15)
FNDA:3,(anonymous_16)
FNDA:4,(anonymous_17)
FNDA:4,(anonymous_18)
DA:2,1
DA:6,4
DA:7,4
DA:8,4
DA:9,4
DA:10,1
DA:16,3
DA:17,3
DA:18,2
DA:19,1
DA:21,1
DA:22,1
DA:24,1
DA:29,3
DA:30,3
DA:31,3
DA:32,3
DA:33,2
DA:34,1
DA:36,1
DA:37,1
DA:39,1
DA:44,4
DA:45,4
DA:46,4
DA:47,4
DA:48,4
DA:49,1
DA:51,3
DA:52,3
DA:53,1
DA:55,2
DA:56,2
DA:57,1
DA:59,1
DA:62,0
LF:36
LH:35
BRDA:9,0,0,1
BRDA:18,1,0,1
BRDA:33,2,0,1
BRDA:48,3,0,1
BRDA:52,4,0,1
BRDA:56,5,0,1
BRDA:56,5,1,1
BRF:7
BRH:7
end_of_record
TN:
SF:src\controllers\updateController.ts
FN:4,(anonymous_13)
FN:4,(anonymous_14)
FN:14,(anonymous_15)
FN:14,(anonymous_16)
FN:32,(anonymous_17)
FN:32,(anonymous_18)
FN:50,(anonymous_19)
FN:50,(anonymous_20)
FNF:8
FNH:8
FNDA:2,(anonymous_13)
FNDA:2,(anonymous_14)
FNDA:3,(anonymous_15)
FNDA:3,(anonymous_16)
FNDA:3,(anonymous_17)
FNDA:3,(anonymous_18)
FNDA:2,(anonymous_19)
FNDA:2,(anonymous_20)
DA:2,1
DA:4,2
DA:5,2
DA:6,2
DA:7,2
DA:8,1
DA:10,1
DA:14,3
DA:15,3
DA:16,3
DA:17,3
DA:18,1
DA:24,2
DA:25,2
DA:26,1
DA:28,1
DA:32,3
DA:33,3
DA:34,3
DA:35,3
DA:36,1
DA:42,2
DA:43,2
DA:44,1
DA:46,1
DA:50,2
DA:51,2
DA:52,2
DA:53,2
DA:54,1
DA:56,1
LF:31
LH:31
BRDA:17,0,0,1
BRDA:35,1,0,1
BRF:2
BRH:2
end_of_record
TN:
SF:src\entity\Cell.ts
FN:9,(anonymous_2)
FN:9,(anonymous_3)
FNF:2
FNH:0
FNDA:0,(anonymous_2)
FNDA:0,(anonymous_3)
DA:1,6
DA:2,6
DA:5,6
DA:7,6
DA:9,0
DA:10,6
DA:13,6
DA:16,6
DA:19,6
LF:9
LH:8
BRF:0
BRH:0
end_of_record
TN:
SF:src\entity\Publisher.ts
FN:15,(anonymous_2)
FN:15,(anonymous_3)
FNF:2
FNH:0
FNDA:0,(anonymous_2)
FNDA:0,(anonymous_3)
DA:1,6
DA:2,6
DA:5,6
DA:7,6
DA:10,6
DA:13,6
DA:15,0
DA:16,6
LF:8
LH:7
BRF:0
BRH:0
end_of_record
TN:
SF:src\entity\Spreadsheet.ts
FN:14,(anonymous_2)
FN:14,(anonymous_3)
FN:17,(anonymous_4)
FN:21,(anonymous_5)
FN:21,(anonymous_6)
FN:24,(anonymous_7)
FN:24,(anonymous_8)
FNF:7
FNH:0
FNDA:0,(anonymous_2)
FNDA:0,(anonymous_3)
FNDA:0,(anonymous_4)
FNDA:0,(anonymous_5)
FNDA:0,(anonymous_6)
FNDA:0,(anonymous_7)
FNDA:0,(anonymous_8)
DA:1,6
DA:2,6
DA:3,6
DA:4,6
DA:7,6
DA:9,6
DA:12,6
DA:14,0
DA:15,6
DA:17,0
DA:19,6
DA:21,0
DA:22,6
DA:24,0
DA:25,6
LF:15
LH:11
BRF:0
BRH:0
end_of_record
TN:
SF:src\entity\Update.ts
FN:9,(anonymous_2)
FN:9,(anonymous_3)
FNF:2
FNH:0
FNDA:0,(anonymous_2)
FNDA:0,(anonymous_3)
DA:1,6
DA:2,6
DA:5,6
DA:7,6
DA:9,0
DA:10,6
DA:13,6
LF:7
LH:6
BRF:0
BRH:0
end_of_record
TN:
SF:src\entity\User.ts
FNF:0
FNH:0
DA:1,5
DA:6,5
DA:8,5
DA:11,5
DA:14,5
LF:5
LH:5
BRF:0
BRH:0
end_of_record
TN:
SF:src\middleware\auth.ts
FN:22,(anonymous_7)
FN:22,(anonymous_8)
FNF:2
FNH:2
FNDA:5,(anonymous_7)
FNDA:5,(anonymous_8)
DA:3,1
DA:4,1
DA:5,1
DA:22,5
DA:23,5
DA:25,5
DA:26,2
DA:29,3
DA:30,3
DA:31,3
DA:33,3
DA:35,3
DA:36,1
DA:39,2
DA:40,2
DA:41,1
DA:44,1
DA:45,1
DA:48,1
LF:19
LH:19
BRDA:25,0,0,2
BRDA:25,1,0,5
BRDA:25,1,1,4
BRDA:35,2,0,1
BRDA:40,3,0,1
BRF:5
BRH:5
end_of_record
TN:
SF:src\services\publisherService.ts
FN:4,(anonymous_7)
FN:4,(anonymous_8)
FN:8,(anonymous_9)
FN:8,(anonymous_10)
FN:16,(anonymous_11)
FN:16,(anonymous_12)
FNF:6
FNH:6
FNDA:2,(anonymous_7)
FNDA:2,(anonymous_8)
FNDA:1,(anonymous_9)
FNDA:1,(anonymous_10)
FNDA:1,(anonymous_11)
FNDA:1,(anonymous_12)
DA:1,3
DA:2,3
DA:4,3
DA:5,2
DA:8,3
DA:9,1
DA:10,1
DA:11,1
DA:12,1
DA:13,1
DA:16,3
DA:17,1
LF:12
LH:12
BRF:0
BRH:0
end_of_record
TN:
SF:src\services\sheetService.ts
FN:7,(anonymous_7)
FN:7,(anonymous_8)
FN:11,(anonymous_9)
FN:11,(anonymous_10)
FN:15,(anonymous_11)
FN:20,(anonymous_12)
FN:20,(anonymous_13)
FN:28,(anonymous_14)
FN:28,(anonymous_15)
FN:34,(anonymous_16)
FN:34,(anonymous_17)
FNF:11
FNH:7
FNDA:2,(anonymous_7)
FNDA:2,(anonymous_8)
FNDA:1,(anonymous_9)
FNDA:1,(anonymous_10)
FNDA:2,(anonymous_11)
FNDA:1,(anonymous_12)
FNDA:1,(anonymous_13)
FNDA:0,(anonymous_14)
FNDA:0,(anonymous_15)
FNDA:0,(anonymous_16)
FNDA:0,(anonymous_17)
DA:1,2
DA:2,2
DA:3,2
DA:4,2
DA:5,2
DA:7,2
DA:8,2
DA:11,2
DA:12,1
DA:15,2
DA:20,2
DA:21,1
DA:22,1
DA:23,1
DA:24,1
DA:25,1
DA:28,2
DA:29,0
DA:34,2
DA:35,0
DA:36,0
DA:37,0
DA:39,0
DA:41,0
DA:48,0
DA:55,0
DA:57,0
DA:58,0
DA:60,0
DA:61,0
DA:62,0
DA:64,0
LF:32
LH:18
BRF:0
BRH:0
end_of_record
TN:
SF:src\services\updateService.ts
FN:7,(anonymous_7)
FN:7,(anonymous_8)
FN:29,(anonymous_9)
FN:37,(anonymous_10)
FN:37,(anonymous_11)
FN:59,(anonymous_12)
FN:67,(anonymous_13)
FN:67,(anonymous_14)
FN:83,(anonymous_15)
FN:103,(anonymous_16)
FN:103,(anonymous_17)
FN:127,(anonymous_18)
FN:127,(anonymous_19)
FNF:13
FNH:0
FNDA:0,(anonymous_7)
FNDA:0,(anonymous_8)
FNDA:0,(anonymous_9)
FNDA:0,(anonymous_10)
FNDA:0,(anonymous_11)
FNDA:0,(anonymous_12)
FNDA:0,(anonymous_13)
FNDA:0,(anonymous_14)
FNDA:0,(anonymous_15)
FNDA:0,(anonymous_16)
FNDA:0,(anonymous_17)
FNDA:0,(anonymous_18)
FNDA:0,(anonymous_19)
DA:1,1
DA:2,1
DA:3,1
DA:4,1
DA:5,1
DA:7,1
DA:8,0
DA:11,0
DA:12,0
DA:15,0
DA:19,0
DA:20,0
DA:23,0
DA:29,0
DA:37,1
DA:38,0
DA:41,0
DA:42,0
DA:45,0
DA:49,0
DA:50,0
DA:53,0
DA:59,0
DA:67,1
DA:68,0
DA:69,0
DA:70,0
DA:71,0
DA:73,0
DA:74,0
DA:76,0
DA:77,0
DA:80,0
DA:83,0
DA:86,0
DA:89,0
DA:94,0
DA:95,0
DA:96,0
DA:97,0
DA:99,0
DA:103,1
DA:104,0
DA:107,0
DA:108,0
DA:111,0
DA:115,0
DA:116,0
DA:119,0
DA:121,0
DA:122,0
DA:123,0
DA:124,0
DA:127,1
DA:128,0
DA:132,0
DA:133,0
DA:136,0
DA:140,0
DA:141,0
DA:144,0
DA:146,0
DA:147,0
DA:148,0
DA:149,0
LF:65
LH:10
BRDA:11,0,0,0
BRDA:19,1,0,0
BRDA:41,2,0,0
BRDA:49,3,0,0
BRDA:71,4,0,0
BRDA:71,5,0,0
BRDA:71,5,1,0
BRDA:76,6,0,0
BRDA:76,7,0,0
BRDA:76,7,1,0
BRDA:89,8,0,0
BRDA:89,8,1,0
BRDA:107,9,0,0
BRDA:115,10,0,0
BRDA:132,11,0,0
BRDA:140,12,0,0
BRF:16
BRH:0
end_of_record
