TN:
SF:src\data-source.ts
FNF:0
FNH:0
DA:4,4
DA:5,4
DA:6,4
DA:7,4
DA:8,4
DA:9,4
DA:10,4
DA:12,4
LF:8
LH:8
BRF:0
BRH:0
end_of_record
TN:
SF:src\controllers\authController.ts
FN:5,(anonymous_13)
FN:5,(anonymous_14)
FN:17,(anonymous_16)
FN:17,(anonymous_17)
FN:19,(anonymous_19)
FNF:5
FNH:5
FNDA:1,(anonymous_13)
FNDA:1,(anonymous_14)
FNDA:1,(anonymous_16)
FNDA:1,(anonymous_17)
FNDA:2,(anonymous_19)
DA:2,1
DA:5,1
DA:6,1
DA:8,1
DA:9,1
DA:10,1
DA:13,1
DA:17,1
DA:18,1
DA:19,2
DA:25,1
LF:11
LH:11
BRDA:9,0,0,0
BRDA:18,1,0,1
BRF:2
BRH:1
end_of_record
TN:
SF:src\controllers\publisherController.ts
FN:4,(anonymous_19)
FN:4,(anonymous_20)
FNF:2
FNH:2
FNDA:2,(anonymous_19)
FNDA:2,(anonymous_20)
DA:2,1
DA:4,2
DA:6,2
DA:7,1
DA:9,1
LF:5
LH:5
BRF:0
BRH:0
end_of_record
TN:
SF:src\controllers\sheetController.ts
FN:6,(anonymous_19)
FN:6,(anonymous_20)
FN:29,(anonymous_22)
FN:29,(anonymous_23)
FN:44,(anonymous_25)
FN:44,(anonymous_26)
FNF:6
FNH:6
FNDA:4,(anonymous_19)
FNDA:4,(anonymous_20)
FNDA:3,(anonymous_22)
FNDA:3,(anonymous_23)
FNDA:4,(anonymous_25)
FNDA:4,(anonymous_26)
DA:2,1
DA:6,4
DA:7,4
DA:8,4
DA:9,4
DA:10,1
DA:17,3
DA:18,2
DA:19,1
DA:21,2
DA:22,1
DA:24,1
DA:29,3
DA:30,3
DA:32,3
DA:33,2
DA:34,1
DA:36,1
DA:37,1
DA:39,1
DA:44,4
DA:45,4
DA:47,4
DA:48,4
DA:49,1
DA:51,3
DA:52,3
DA:53,1
DA:55,2
DA:56,2
DA:57,1
DA:59,1
DA:62,0
LF:33
LH:32
BRDA:9,0,0,1
BRDA:18,1,0,1
BRDA:33,2,0,1
BRDA:48,3,0,1
BRDA:52,4,0,1
BRDA:56,5,0,1
BRDA:56,5,1,1
BRF:7
BRH:7
end_of_record
TN:
SF:src\controllers\updateController.ts
FN:4,(anonymous_19)
FN:4,(anonymous_20)
FN:14,(anonymous_22)
FN:14,(anonymous_23)
FN:32,(anonymous_25)
FN:32,(anonymous_26)
FN:50,(anonymous_28)
FN:50,(anonymous_29)
FNF:8
FNH:8
FNDA:2,(anonymous_19)
FNDA:2,(anonymous_20)
FNDA:3,(anonymous_22)
FNDA:3,(anonymous_23)
FNDA:3,(anonymous_25)
FNDA:3,(anonymous_26)
FNDA:2,(anonymous_28)
FNDA:2,(anonymous_29)
DA:2,1
DA:4,2
DA:5,2
DA:7,2
DA:8,1
DA:10,1
DA:14,3
DA:15,3
DA:16,3
DA:17,3
DA:18,1
DA:25,2
DA:26,1
DA:28,1
DA:32,3
DA:33,3
DA:34,3
DA:35,3
DA:36,1
DA:43,4
DA:44,1
DA:46,1
DA:50,2
DA:51,2
DA:53,4
DA:54,1
DA:56,1
LF:27
LH:27
BRDA:17,0,0,1
BRDA:35,1,0,1
BRF:2
BRH:2
end_of_record
TN:
SF:src\entity\Cell.ts
FN:5,(anonymous_2)
FN:9,(anonymous_4)
FN:9,(anonymous_5)
FNF:3
FNH:1
FNDA:6,(anonymous_2)
FNDA:0,(anonymous_4)
FNDA:0,(anonymous_5)
DA:1,6
DA:2,6
DA:5,6
DA:7,6
DA:9,0
DA:10,6
DA:13,6
DA:16,6
DA:19,6
DA:20,6
LF:10
LH:9
BRF:0
BRH:0
end_of_record
TN:
SF:src\entity\Publisher.ts
FN:5,(anonymous_2)
FN:15,(anonymous_4)
FN:15,(anonymous_5)
FNF:3
FNH:1
FNDA:7,(anonymous_2)
FNDA:0,(anonymous_4)
FNDA:0,(anonymous_5)
DA:1,6
DA:2,6
DA:5,6
DA:7,6
DA:10,6
DA:13,6
DA:15,0
DA:16,6
DA:17,6
LF:9
LH:8
BRF:0
BRH:0
end_of_record
TN:
SF:src\entity\Spreadsheet.ts
FN:7,(anonymous_2)
FN:14,(anonymous_4)
FN:14,(anonymous_5)
FN:17,(anonymous_6)
FN:21,(anonymous_7)
FN:21,(anonymous_8)
FN:24,(anonymous_9)
FN:24,(anonymous_10)
FNF:8
FNH:1
FNDA:7,(anonymous_2)
FNDA:0,(anonymous_4)
FNDA:0,(anonymous_5)
FNDA:0,(anonymous_6)
FNDA:0,(anonymous_7)
FNDA:0,(anonymous_8)
FNDA:0,(anonymous_9)
FNDA:0,(anonymous_10)
DA:1,6
DA:2,6
DA:3,6
DA:4,6
DA:7,6
DA:9,6
DA:12,6
DA:14,0
DA:15,6
DA:17,0
DA:19,6
DA:21,0
DA:22,6
DA:24,0
DA:25,6
DA:26,6
LF:16
LH:12
BRF:0
BRH:0
end_of_record
TN:
SF:src\entity\Update.ts
FN:5,(anonymous_2)
FN:9,(anonymous_4)
FN:9,(anonymous_5)
FNF:3
FNH:1
FNDA:6,(anonymous_2)
FNDA:0,(anonymous_4)
FNDA:0,(anonymous_5)
DA:1,6
DA:2,6
DA:5,6
DA:7,6
DA:9,0
DA:10,6
DA:13,6
DA:14,6
LF:8
LH:7
BRF:0
BRH:0
end_of_record
TN:
SF:src\entity\User.ts
FN:6,(anonymous_2)
FNF:1
FNH:1
FNDA:5,(anonymous_2)
DA:1,5
DA:6,5
DA:8,5
DA:11,5
DA:14,5
DA:15,5
LF:6
LH:6
BRF:0
BRH:0
end_of_record
TN:
SF:src\middleware\auth.ts
FN:22,(anonymous_13)
FN:22,(anonymous_14)
FNF:2
FNH:2
FNDA:5,(anonymous_13)
FNDA:5,(anonymous_14)
DA:3,1
DA:4,1
DA:5,1
DA:22,5
DA:23,5
DA:25,5
DA:26,2
DA:29,3
DA:30,3
DA:31,3
DA:33,3
DA:35,3
DA:36,1
DA:39,2
DA:40,2
DA:41,1
DA:44,1
DA:45,1
DA:48,1
LF:19
LH:19
BRDA:25,0,0,2
BRDA:25,1,0,5
BRDA:25,1,1,4
BRDA:35,2,0,1
BRDA:40,3,0,1
BRF:5
BRH:5
end_of_record
TN:
SF:src\services\publisherService.ts
FN:4,(anonymous_13)
FN:4,(anonymous_14)
FN:8,(anonymous_16)
FN:8,(anonymous_17)
FN:16,(anonymous_19)
FNF:5
FNH:5
FNDA:2,(anonymous_13)
FNDA:2,(anonymous_14)
FNDA:1,(anonymous_16)
FNDA:1,(anonymous_17)
FNDA:2,(anonymous_19)
DA:1,3
DA:2,3
DA:4,3
DA:5,2
DA:8,3
DA:9,1
DA:10,1
DA:11,1
DA:12,2
DA:13,1
DA:16,4
DA:17,1
LF:12
LH:12
BRDA:5,0,0,2
BRDA:5,0,1,2
BRDA:17,1,0,1
BRDA:17,1,1,1
BRF:4
BRH:4
end_of_record
TN:
SF:src\services\sheetService.ts
FN:7,(anonymous_13)
FN:7,(anonymous_14)
FN:11,(anonymous_16)
FN:11,(anonymous_17)
FN:17,(anonymous_19)
FN:17,(anonymous_20)
FN:25,(anonymous_22)
FN:25,(anonymous_23)
FN:31,(anonymous_25)
FN:31,(anonymous_26)
FNF:10
FNH:6
FNDA:2,(anonymous_13)
FNDA:2,(anonymous_14)
FNDA:1,(anonymous_16)
FNDA:1,(anonymous_17)
FNDA:1,(anonymous_19)
FNDA:1,(anonymous_20)
FNDA:0,(anonymous_22)
FNDA:0,(anonymous_23)
FNDA:0,(anonymous_25)
FNDA:0,(anonymous_26)
DA:1,2
DA:2,2
DA:3,2
DA:4,2
DA:5,2
DA:7,2
DA:8,2
DA:11,2
DA:12,1
DA:17,2
DA:18,1
DA:19,1
DA:20,1
DA:21,2
DA:22,1
DA:25,2
DA:26,0
DA:31,2
DA:33,0
DA:41,0
DA:49,0
DA:52,0
DA:56,0
LF:23
LH:17
BRDA:8,0,0,2
BRDA:8,0,1,2
BRDA:12,1,0,1
BRDA:12,1,1,1
BRDA:26,2,0,0
BRDA:26,2,1,0
BRF:6
BRH:4
end_of_record
TN:
SF:src\services\updateService.ts
FN:7,(anonymous_13)
FN:7,(anonymous_14)
FN:23,(anonymous_16)
FN:43,(anonymous_17)
FN:43,(anonymous_18)
FN:65,(anonymous_20)
FN:73,(anonymous_21)
FN:73,(anonymous_22)
FN:95,(anonymous_24)
FN:103,(anonymous_25)
FN:103,(anonymous_26)
FN:127,(anonymous_28)
FN:127,(anonymous_29)
FNF:13
FNH:0
FNDA:0,(anonymous_13)
FNDA:0,(anonymous_14)
FNDA:0,(anonymous_16)
FNDA:0,(anonymous_17)
FNDA:0,(anonymous_18)
FNDA:0,(anonymous_20)
FNDA:0,(anonymous_21)
FNDA:0,(anonymous_22)
FNDA:0,(anonymous_24)
FNDA:0,(anonymous_25)
FNDA:0,(anonymous_26)
FNDA:0,(anonymous_28)
FNDA:0,(anonymous_29)
DA:1,1
DA:2,1
DA:3,1
DA:4,1
DA:5,1
DA:7,1
DA:8,0
DA:9,0
DA:10,0
DA:11,0
DA:13,0
DA:14,0
DA:16,0
DA:17,0
DA:20,0
DA:23,0
DA:26,0
DA:28,0
DA:29,0
DA:34,0
DA:35,0
DA:36,0
DA:37,0
DA:39,0
DA:43,1
DA:44,0
DA:47,0
DA:48,0
DA:51,0
DA:55,0
DA:56,0
DA:59,0
DA:65,0
DA:73,1
DA:74,0
DA:77,0
DA:78,0
DA:81,0
DA:85,0
DA:86,0
DA:89,0
DA:95,0
DA:103,1
DA:104,0
DA:107,0
DA:108,0
DA:111,0
DA:115,0
DA:116,0
DA:119,0
DA:121,0
DA:122,0
DA:123,0
DA:124,0
DA:127,1
DA:128,0
DA:132,0
DA:133,0
DA:136,0
DA:140,0
DA:141,0
DA:144,0
DA:146,0
DA:147,0
DA:148,0
DA:149,0
LF:66
LH:10
BRDA:9,0,0,0
BRDA:11,1,0,0
BRDA:11,2,0,0
BRDA:11,2,1,0
BRDA:16,3,0,0
BRDA:16,4,0,0
BRDA:16,4,1,0
BRDA:29,5,0,0
BRDA:29,5,1,0
BRDA:44,6,0,0
BRDA:47,7,0,0
BRDA:55,8,0,0
BRDA:74,9,0,0
BRDA:77,10,0,0
BRDA:85,11,0,0
BRDA:104,12,0,0
BRDA:107,13,0,0
BRDA:115,14,0,0
BRDA:128,15,0,0
BRDA:132,16,0,0
BRDA:140,17,0,0
BRF:21
BRH:0
end_of_record
